2024-03-22 23:54:54,071 - INFO - doorNotification.py - 도어 크롤링 시작
2024-03-22 23:54:55,337 - INFO - doorNotification.py - door 접속
2024-03-22 23:54:55,728 - INFO - doorNotification.py - 로그인 시도
2024-03-22 23:54:58,579 - INFO - doorNotification.py - 로그인 완료
2024-03-22 23:54:58,579 - INFO - doorNotification.py - 강의실 목록으로 이동
2024-03-22 23:54:58,942 - INFO - doorNotification.py - 강의 목록 파싱
2024-03-22 23:54:58,955 - INFO - doorNotification.py - 수강중인 강의 개수: 7
2024-03-22 23:54:58,955 - INFO - doorNotification.py - 공지 json파일 요청
2024-03-22 23:54:58,955 - INFO - doorNotification.py - 공지 json파일 가져오는중...
2024-03-22 23:54:58,958 - INFO - doorNotification.py - 각 강의별 공지 파싱 시작
2024-03-22 23:55:11,039 - INFO - doorNotification.py - 공지 파싱 종료
2024-03-22 23:55:11,040 - INFO - doorNotification.py - 도어 크롤링 수행완료 대기전환
2024-03-22 23:55:13,353 - INFO - doorNotification.py - 도어 크롤링 시작
2024-03-22 23:55:14,567 - INFO - doorNotification.py - door 접속
2024-03-22 23:55:14,929 - INFO - doorNotification.py - 로그인 시도
2024-03-22 23:55:17,959 - INFO - doorNotification.py - 로그인 완료
2024-03-22 23:55:17,959 - INFO - doorNotification.py - 강의실 목록으로 이동
2024-03-22 23:55:18,350 - INFO - doorNotification.py - 강의 목록 파싱
2024-03-22 23:55:18,362 - INFO - doorNotification.py - 수강중인 강의 개수: 7
2024-03-22 23:55:18,362 - INFO - doorNotification.py - 공지 json파일 요청
2024-03-22 23:55:18,363 - INFO - doorNotification.py - 공지 json파일 가져오는중...
2024-03-22 23:55:18,363 - ERROR - doorNotification.py - 오류가 발생했습니다:string indices must be integers, not 'str'
2024-03-22 23:56:31,149 - INFO - doorNotification.py - 도어 크롤링 시작
2024-03-22 23:56:32,459 - INFO - doorNotification.py - door 접속
2024-03-22 23:56:32,833 - INFO - doorNotification.py - 로그인 시도
2024-03-22 23:56:36,169 - INFO - doorNotification.py - 로그인 완료
2024-03-22 23:56:36,171 - INFO - doorNotification.py - 강의실 목록으로 이동
2024-03-22 23:56:37,073 - INFO - doorNotification.py - 강의 목록 파싱
2024-03-22 23:56:37,086 - INFO - doorNotification.py - 수강중인 강의 개수: 7
2024-03-22 23:56:37,086 - INFO - doorNotification.py - 공지 json파일 요청
2024-03-22 23:56:37,086 - INFO - doorNotification.py - 공지 json파일이 존재
2024-03-22 23:56:37,087 - ERROR - doorNotification.py - 오류가 발생했습니다:string indices must be integers, not 'str'
2024-03-22 23:58:13,286 - INFO - doorNotification.py - 도어 크롤링 시작
2024-03-22 23:58:14,551 - INFO - doorNotification.py - door 접속
2024-03-22 23:58:15,006 - INFO - doorNotification.py - 로그인 시도
2024-03-22 23:58:17,656 - INFO - doorNotification.py - 로그인 완료
2024-03-22 23:58:17,656 - INFO - doorNotification.py - 강의실 목록으로 이동
2024-03-22 23:58:18,004 - INFO - doorNotification.py - 강의 목록 파싱
2024-03-22 23:58:18,018 - INFO - doorNotification.py - 수강중인 강의 개수: 7
2024-03-22 23:58:18,018 - INFO - doorNotification.py - 공지 json파일 요청
2024-03-22 23:58:18,018 - INFO - doorNotification.py - 공지 json파일이 존재
2024-03-22 23:58:18,019 - ERROR - doorNotification.py - 오류가 발생했습니다:string indices must be integers, not 'str'
2024-03-23 00:00:28,144 - INFO - doorNotification.py - 도어 크롤링 시작
2024-03-23 00:00:29,424 - INFO - doorNotification.py - door 접속
2024-03-23 00:00:29,831 - INFO - doorNotification.py - 로그인 시도
2024-03-23 00:00:32,741 - INFO - doorNotification.py - 로그인 완료
2024-03-23 00:00:32,741 - INFO - doorNotification.py - 강의실 목록으로 이동
2024-03-23 00:00:33,252 - INFO - doorNotification.py - 강의 목록 파싱
2024-03-23 00:00:33,265 - INFO - doorNotification.py - 수강중인 강의 개수: 7
2024-03-23 00:00:33,265 - INFO - doorNotification.py - 공지 json파일 요청
2024-03-23 00:00:33,265 - INFO - doorNotification.py - 공지 json파일이 존재
2024-03-23 00:00:33,265 - ERROR - doorNotification.py - 오류가 발생했습니다:string indices must be integers, not 'str'
2024-03-23 00:00:50,252 - INFO - doorNotification.py - 도어 크롤링 시작
2024-03-23 00:00:51,497 - INFO - doorNotification.py - door 접속
2024-03-23 00:00:51,978 - INFO - doorNotification.py - 로그인 시도
2024-03-23 00:00:55,317 - INFO - doorNotification.py - 로그인 완료
2024-03-23 00:00:55,317 - INFO - doorNotification.py - 강의실 목록으로 이동
2024-03-23 00:00:56,020 - INFO - doorNotification.py - 강의 목록 파싱
2024-03-23 00:00:56,033 - INFO - doorNotification.py - 수강중인 강의 개수: 7
2024-03-23 00:00:56,033 - INFO - doorNotification.py - 공지 json파일 요청
2024-03-23 00:00:56,033 - INFO - doorNotification.py - 공지 json파일이 존재
2024-03-23 00:00:56,034 - INFO - doorNotification.py - 각 강의별 공지 파싱 시작
2024-03-23 00:01:08,182 - INFO - doorNotification.py - 공지 파싱 종료
2024-03-23 00:01:08,183 - INFO - doorNotification.py - 도어 크롤링 수행완료 대기전환
2024-03-23 00:03:11,102 - INFO - doorNotification.py - 도어 크롤링 시작
2024-03-23 00:03:12,365 - INFO - doorNotification.py - door 접속
2024-03-23 00:03:12,745 - INFO - doorNotification.py - 로그인 시도
2024-03-23 00:03:15,366 - INFO - doorNotification.py - 로그인 완료
2024-03-23 00:03:15,367 - INFO - doorNotification.py - 강의실 목록으로 이동
2024-03-23 00:03:15,697 - INFO - doorNotification.py - 강의 목록 파싱
2024-03-23 00:03:15,711 - INFO - doorNotification.py - 수강중인 강의 개수: 7
2024-03-23 00:03:15,711 - INFO - doorNotification.py - 공지 json파일 요청
2024-03-23 00:03:15,712 - INFO - doorNotification.py - 공지 json파일이 존재
2024-03-23 00:03:15,712 - ERROR - doorNotification.py - 오류가 발생했습니다:string indices must be integers, not 'str'
2024-03-23 00:07:09,240 - INFO - doorNotification.py - 도어 크롤링 시작
2024-03-23 00:07:10,599 - INFO - doorNotification.py - door 접속
2024-03-23 00:07:10,972 - INFO - doorNotification.py - 로그인 시도
2024-03-23 00:07:14,099 - INFO - doorNotification.py - 로그인 완료
2024-03-23 00:07:14,099 - INFO - doorNotification.py - 강의실 목록으로 이동
2024-03-23 00:07:14,510 - INFO - doorNotification.py - 강의 목록 파싱
2024-03-23 00:07:14,525 - INFO - doorNotification.py - 수강중인 강의 개수: 7
2024-03-23 00:07:14,525 - INFO - doorNotification.py - 공지 json파일 요청
2024-03-23 00:07:14,525 - INFO - doorNotification.py - 공지 json파일이 존재
2024-03-23 00:07:14,525 - ERROR - doorNotification.py - 오류가 발생했습니다:string indices must be integers, not 'str'
2024-03-23 00:07:32,530 - INFO - doorNotification.py - 도어 크롤링 시작
2024-03-23 00:07:33,776 - INFO - doorNotification.py - door 접속
2024-03-23 00:07:34,182 - INFO - doorNotification.py - 로그인 시도
2024-03-23 00:07:36,836 - INFO - doorNotification.py - 로그인 완료
2024-03-23 00:07:36,836 - INFO - doorNotification.py - 강의실 목록으로 이동
2024-03-23 00:07:37,296 - INFO - doorNotification.py - 강의 목록 파싱
2024-03-23 00:07:37,310 - INFO - doorNotification.py - 수강중인 강의 개수: 7
2024-03-23 00:07:37,310 - INFO - doorNotification.py - 공지 json파일 요청
2024-03-23 00:07:37,310 - INFO - doorNotification.py - 공지 json파일이 존재
2024-03-23 00:07:37,310 - ERROR - doorNotification.py - 오류가 발생했습니다:'str' object has no attribute 'read'
2024-03-23 00:07:43,369 - INFO - doorNotification.py - 도어 크롤링 시작
2024-03-23 00:07:44,590 - INFO - doorNotification.py - door 접속
2024-03-23 00:07:44,949 - INFO - doorNotification.py - 로그인 시도
2024-03-23 00:07:47,394 - INFO - doorNotification.py - 로그인 완료
2024-03-23 00:07:47,394 - INFO - doorNotification.py - 강의실 목록으로 이동
2024-03-23 00:07:47,699 - INFO - doorNotification.py - 강의 목록 파싱
2024-03-23 00:07:47,711 - INFO - doorNotification.py - 수강중인 강의 개수: 7
2024-03-23 00:07:47,711 - INFO - doorNotification.py - 공지 json파일 요청
2024-03-23 00:07:47,711 - INFO - doorNotification.py - 공지 json파일이 존재
2024-03-23 00:07:47,712 - ERROR - doorNotification.py - 오류가 발생했습니다:'str' object has no attribute 'read'
2024-03-23 00:10:41,607 - INFO - doorNotification.py - 도어 크롤링 시작
2024-03-23 00:10:42,878 - INFO - doorNotification.py - door 접속
2024-03-23 00:10:43,474 - INFO - doorNotification.py - 로그인 시도
2024-03-23 00:10:46,226 - INFO - doorNotification.py - 로그인 완료
2024-03-23 00:10:46,226 - INFO - doorNotification.py - 강의실 목록으로 이동
2024-03-23 00:10:46,735 - INFO - doorNotification.py - 강의 목록 파싱
2024-03-23 00:10:46,748 - INFO - doorNotification.py - 수강중인 강의 개수: 7
2024-03-23 00:10:46,748 - INFO - doorNotification.py - 공지 json파일 요청
2024-03-23 00:10:46,748 - INFO - doorNotification.py - 20193209의 학기 Json을 새로 만든는 중
2024-03-23 00:10:46,748 - ERROR - doorNotification.py - 오류가 발생했습니다:'dict' object has no attribute 'read'
2024-03-23 00:10:53,141 - INFO - doorNotification.py - 도어 크롤링 시작
2024-03-23 00:10:54,378 - INFO - doorNotification.py - door 접속
2024-03-23 00:10:54,752 - INFO - doorNotification.py - 로그인 시도
2024-03-23 00:10:57,146 - INFO - doorNotification.py - 로그인 완료
2024-03-23 00:10:57,146 - INFO - doorNotification.py - 강의실 목록으로 이동
2024-03-23 00:10:57,804 - INFO - doorNotification.py - 강의 목록 파싱
2024-03-23 00:10:57,818 - INFO - doorNotification.py - 수강중인 강의 개수: 7
2024-03-23 00:10:57,818 - INFO - doorNotification.py - 공지 json파일 요청
2024-03-23 00:10:57,818 - INFO - doorNotification.py - 20193209의 학기 Json을 새로 만든는 중
2024-03-23 00:10:57,818 - ERROR - doorNotification.py - 오류가 발생했습니다:'dict' object has no attribute 'read'
2024-03-23 00:11:20,555 - INFO - doorNotification.py - 도어 크롤링 시작
2024-03-23 00:11:21,793 - INFO - doorNotification.py - door 접속
2024-03-23 00:11:22,168 - INFO - doorNotification.py - 로그인 시도
2024-03-23 00:11:24,450 - INFO - doorNotification.py - 로그인 완료
2024-03-23 00:11:24,450 - INFO - doorNotification.py - 강의실 목록으로 이동
2024-03-23 00:11:24,864 - INFO - doorNotification.py - 강의 목록 파싱
2024-03-23 00:11:24,878 - INFO - doorNotification.py - 수강중인 강의 개수: 7
2024-03-23 00:11:24,878 - INFO - doorNotification.py - 공지 json파일 요청
2024-03-23 00:11:24,878 - INFO - doorNotification.py - 20193209의 학기 Json을 새로 만든는 중
2024-03-23 00:11:24,878 - ERROR - doorNotification.py - 오류가 발생했습니다:'dict' object has no attribute 'read'
2024-03-23 00:12:12,621 - INFO - doorNotification.py - 도어 크롤링 시작
2024-03-23 00:12:13,849 - INFO - doorNotification.py - door 접속
2024-03-23 00:12:14,345 - INFO - doorNotification.py - 로그인 시도
2024-03-23 00:12:16,720 - INFO - doorNotification.py - 로그인 완료
2024-03-23 00:12:16,720 - INFO - doorNotification.py - 강의실 목록으로 이동
2024-03-23 00:12:17,068 - INFO - doorNotification.py - 강의 목록 파싱
2024-03-23 00:12:17,082 - INFO - doorNotification.py - 수강중인 강의 개수: 7
2024-03-23 00:12:17,082 - INFO - doorNotification.py - 공지 json파일 요청
2024-03-23 00:12:17,083 - INFO - doorNotification.py - 20193209의 학기 Json을 새로 만든는 중
2024-03-23 00:12:17,083 - ERROR - doorNotification.py - 오류가 발생했습니다:'dict' object has no attribute 'read'
2024-03-23 00:17:49,874 - INFO - doorNotification.py - 도어 크롤링 시작
2024-03-23 00:17:51,144 - INFO - doorNotification.py - door 접속
2024-03-23 00:17:51,586 - INFO - doorNotification.py - 로그인 시도
2024-03-23 00:17:54,285 - INFO - doorNotification.py - 로그인 완료
2024-03-23 00:17:54,286 - INFO - doorNotification.py - 강의실 목록으로 이동
2024-03-23 00:17:54,768 - INFO - doorNotification.py - 강의 목록 파싱
2024-03-23 00:17:54,782 - INFO - doorNotification.py - 수강중인 강의 개수: 7
2024-03-23 00:17:54,782 - INFO - doorNotification.py - 공지 json파일 요청
2024-03-23 00:17:54,784 - INFO - doorNotification.py - 공지 json파일이 존재
2024-03-23 00:17:54,784 - ERROR - doorNotification.py - 오류가 발생했습니다:'str' object has no attribute 'read'
2024-03-23 00:18:40,121 - INFO - doorNotification.py - 도어 크롤링 시작
2024-03-23 00:18:41,336 - INFO - doorNotification.py - door 접속
2024-03-23 00:18:41,709 - INFO - doorNotification.py - 로그인 시도
2024-03-23 00:18:44,665 - INFO - doorNotification.py - 로그인 완료
2024-03-23 00:18:44,666 - INFO - doorNotification.py - 강의실 목록으로 이동
2024-03-23 00:18:45,171 - INFO - doorNotification.py - 강의 목록 파싱
2024-03-23 00:18:45,184 - INFO - doorNotification.py - 수강중인 강의 개수: 7
2024-03-23 00:18:45,185 - INFO - doorNotification.py - 공지 json파일 요청
2024-03-23 00:18:45,185 - WARNING - doorNotification.py - 파일이 비어있어 빈 dict를 반환합니다.
2024-03-23 00:18:45,185 - INFO - doorNotification.py - 20193209의 학기 Json을 새로 만든는 중
2024-03-23 00:18:45,185 - ERROR - doorNotification.py - 오류가 발생했습니다:'dict' object has no attribute 'read'
2024-03-23 00:21:02,475 - INFO - doorNotification.py - 도어 크롤링 시작
2024-03-23 00:21:03,749 - INFO - doorNotification.py - door 접속
2024-03-23 00:21:04,159 - INFO - doorNotification.py - 로그인 시도
2024-03-23 00:21:06,468 - INFO - doorNotification.py - 로그인 완료
2024-03-23 00:21:06,468 - INFO - doorNotification.py - 강의실 목록으로 이동
2024-03-23 00:21:06,835 - INFO - doorNotification.py - 강의 목록 파싱
2024-03-23 00:21:06,849 - INFO - doorNotification.py - 수강중인 강의 개수: 7
2024-03-23 00:21:06,849 - INFO - doorNotification.py - 공지 json파일 요청
2024-03-23 00:21:06,849 - WARNING - doorNotification.py - 파일이 비어있어 빈 dict를 반환합니다.
2024-03-23 00:21:06,849 - INFO - doorNotification.py - 20193209의 학기 Json을 새로 만든는 중
2024-03-23 00:21:06,850 - INFO - doorNotification.py - 각 강의별 공지 파싱 시작
2024-03-23 00:21:16,783 - INFO - doorNotification.py - 공지 파싱 종료
2024-03-23 00:21:16,783 - INFO - doorNotification.py - 도어 크롤링 수행완료 대기전환
2024-03-23 00:21:54,066 - INFO - doorNotification.py - 도어 크롤링 시작
2024-03-23 00:21:55,292 - INFO - doorNotification.py - door 접속
2024-03-23 00:21:55,685 - INFO - doorNotification.py - 로그인 시도
2024-03-23 00:21:58,331 - INFO - doorNotification.py - 로그인 완료
2024-03-23 00:21:58,331 - INFO - doorNotification.py - 강의실 목록으로 이동
2024-03-23 00:21:58,662 - INFO - doorNotification.py - 강의 목록 파싱
2024-03-23 00:21:58,676 - INFO - doorNotification.py - 수강중인 강의 개수: 7
2024-03-23 00:21:58,676 - INFO - doorNotification.py - 공지 json파일 요청
2024-03-23 00:21:58,678 - INFO - doorNotification.py - 공지 json파일이 존재
2024-03-23 00:21:58,678 - INFO - doorNotification.py - 각 강의별 공지 파싱 시작
2024-03-23 00:22:10,203 - INFO - doorNotification.py - 도어 크롤링 시작
2024-03-23 00:22:11,433 - INFO - doorNotification.py - door 접속
2024-03-23 00:22:11,869 - INFO - doorNotification.py - 로그인 시도
2024-03-23 00:22:14,259 - INFO - doorNotification.py - 로그인 완료
2024-03-23 00:22:14,259 - INFO - doorNotification.py - 강의실 목록으로 이동
2024-03-23 00:22:14,611 - INFO - doorNotification.py - 강의 목록 파싱
2024-03-23 00:22:14,625 - INFO - doorNotification.py - 수강중인 강의 개수: 7
2024-03-23 00:22:14,625 - INFO - doorNotification.py - 공지 json파일 요청
2024-03-23 00:22:14,626 - INFO - doorNotification.py - 공지 json파일이 존재
2024-03-23 00:22:14,626 - INFO - doorNotification.py - 각 강의별 공지 파싱 시작
2024-03-23 00:22:24,195 - INFO - doorNotification.py - 공지 파싱 종료
2024-03-23 00:22:24,195 - INFO - doorNotification.py - 도어 크롤링 수행완료 대기전환
2024-03-23 00:22:35,036 - INFO - doorNotification.py - 도어 크롤링 시작
2024-03-23 00:22:36,260 - INFO - doorNotification.py - door 접속
2024-03-23 00:22:36,675 - INFO - doorNotification.py - 로그인 시도
2024-03-23 00:22:39,218 - INFO - doorNotification.py - 로그인 완료
2024-03-23 00:22:39,218 - INFO - doorNotification.py - 강의실 목록으로 이동
2024-03-23 00:22:39,741 - INFO - doorNotification.py - 강의 목록 파싱
2024-03-23 00:22:39,754 - INFO - doorNotification.py - 수강중인 강의 개수: 7
2024-03-23 00:22:39,754 - INFO - doorNotification.py - 공지 json파일 요청
2024-03-23 00:22:39,759 - INFO - doorNotification.py - 공지 json파일이 존재
2024-03-23 00:22:39,759 - INFO - doorNotification.py - 각 강의별 공지 파싱 시작
2024-03-23 00:22:50,429 - INFO - doorNotification.py - 공지 파싱 종료
2024-03-23 00:22:50,429 - INFO - doorNotification.py - 도어 크롤링 수행완료 대기전환
2024-03-23 00:42:25,092 - INFO - doorNotification.py - 도어 크롤링 시작
2024-03-23 00:42:26,563 - INFO - doorNotification.py - door 접속
2024-03-23 00:42:29,662 - INFO - doorNotification.py - 로그인 시도
2024-03-23 00:42:32,494 - INFO - doorNotification.py - 로그인 완료
2024-03-23 00:42:32,494 - INFO - doorNotification.py - 강의실 목록으로 이동
2024-03-23 00:42:33,125 - INFO - doorNotification.py - 강의 목록 파싱
2024-03-23 00:42:33,157 - INFO - doorNotification.py - 수강중인 강의 개수: 7
2024-03-23 00:42:33,157 - INFO - doorNotification.py - 공지 json파일 요청
2024-03-23 00:42:33,161 - INFO - doorNotification.py - 공지 json파일이 존재
2024-03-23 00:42:33,161 - INFO - doorNotification.py - 각 강의별 공지 파싱 시작
2024-03-23 00:42:44,458 - INFO - doorNotification.py - 공지 파싱 종료
2024-03-23 00:42:44,458 - INFO - doorNotification.py - 도어 크롤링 수행완료 대기전환
2024-03-23 01:07:07,344 - INFO - doorNotification.py - 도어 크롤링 시작
2024-03-23 01:07:08,635 - INFO - doorNotification.py - door 접속
2024-03-23 01:07:11,707 - INFO - doorNotification.py - 로그인 시도
2024-03-23 01:07:15,072 - INFO - doorNotification.py - 로그인 완료
2024-03-23 01:07:15,073 - INFO - doorNotification.py - 강의실 목록으로 이동
2024-03-23 01:07:15,523 - INFO - doorNotification.py - 강의 목록 파싱
2024-03-23 01:07:15,536 - INFO - doorNotification.py - 수강중인 강의 개수: 7
2024-03-23 01:07:15,537 - INFO - doorNotification.py - 공지 json파일 요청
2024-03-23 01:07:15,538 - INFO - doorNotification.py - 공지 json파일이 존재
2024-03-23 01:07:15,538 - INFO - doorNotification.py - 각 강의별 공지 파싱 시작
2024-03-23 01:07:15,802 - ERROR - doorNotification.py - 오류가 발생했습니다:can only concatenate list (not "str") to list
2024-03-23 01:07:21,936 - INFO - doorNotification.py - 도어 크롤링 시작
2024-03-23 01:07:23,233 - INFO - doorNotification.py - door 접속
2024-03-23 01:07:23,620 - INFO - doorNotification.py - 로그인 시도
2024-03-23 01:07:26,656 - INFO - doorNotification.py - 로그인 완료
2024-03-23 01:07:26,657 - INFO - doorNotification.py - 강의실 목록으로 이동
2024-03-23 01:07:27,028 - INFO - doorNotification.py - 강의 목록 파싱
2024-03-23 01:07:27,041 - INFO - doorNotification.py - 수강중인 강의 개수: 7
2024-03-23 01:07:27,042 - INFO - doorNotification.py - 공지 json파일 요청
2024-03-23 01:07:27,042 - INFO - doorNotification.py - 공지 json파일이 존재
2024-03-23 01:07:27,042 - INFO - doorNotification.py - 각 강의별 공지 파싱 시작
2024-03-23 01:07:27,462 - ERROR - doorNotification.py - 오류가 발생했습니다:can only concatenate list (not "str") to list
2024-03-23 01:08:19,416 - INFO - doorNotification.py - 도어 크롤링 시작
2024-03-23 01:08:20,671 - INFO - doorNotification.py - door 접속
2024-03-23 01:08:21,044 - INFO - doorNotification.py - 로그인 시도
2024-03-23 01:08:24,103 - INFO - doorNotification.py - 로그인 완료
2024-03-23 01:08:24,104 - INFO - doorNotification.py - 강의실 목록으로 이동
2024-03-23 01:08:24,549 - INFO - doorNotification.py - 강의 목록 파싱
2024-03-23 01:08:24,562 - INFO - doorNotification.py - 수강중인 강의 개수: 7
2024-03-23 01:08:24,562 - INFO - doorNotification.py - 공지 json파일 요청
2024-03-23 01:08:24,562 - INFO - doorNotification.py - 공지 json파일이 존재
2024-03-23 01:08:24,562 - INFO - doorNotification.py - 각 강의별 공지 파싱 시작
2024-03-23 01:08:34,831 - INFO - doorNotification.py - 공지 파싱 종료
2024-03-23 01:08:34,832 - INFO - doorNotification.py - 도어 크롤링 수행완료 대기전환
2024-03-23 01:09:46,328 - INFO - doorNotification.py - 도어 크롤링 시작
2024-03-23 01:09:47,571 - INFO - doorNotification.py - door 접속
2024-03-23 01:09:47,995 - INFO - doorNotification.py - 로그인 시도
2024-03-23 01:09:51,599 - INFO - doorNotification.py - 로그인 완료
2024-03-23 01:09:51,599 - INFO - doorNotification.py - 강의실 목록으로 이동
2024-03-23 01:09:51,997 - INFO - doorNotification.py - 강의 목록 파싱
2024-03-23 01:09:52,011 - INFO - doorNotification.py - 수강중인 강의 개수: 7
2024-03-23 01:09:52,011 - INFO - doorNotification.py - 공지 json파일 요청
2024-03-23 01:09:52,012 - INFO - doorNotification.py - 공지 json파일이 존재
2024-03-23 01:09:52,012 - INFO - doorNotification.py - 각 강의별 공지 파싱 시작
2024-03-23 01:10:02,575 - INFO - doorNotification.py - 공지 파싱 종료
2024-03-23 01:10:02,575 - INFO - doorNotification.py - 도어 크롤링 수행완료 대기전환
2024-03-23 01:12:53,904 - INFO - doorNotification.py - 도어 크롤링 시작
2024-03-23 01:12:55,170 - INFO - doorNotification.py - door 접속
2024-03-23 01:12:55,542 - INFO - doorNotification.py - 로그인 시도
2024-03-23 01:12:58,828 - INFO - doorNotification.py - 로그인 완료
2024-03-23 01:12:58,828 - INFO - doorNotification.py - 강의실 목록으로 이동
2024-03-23 01:12:59,179 - INFO - doorNotification.py - 강의 목록 파싱
2024-03-23 01:12:59,192 - INFO - doorNotification.py - 수강중인 강의 개수: 7
2024-03-23 01:12:59,192 - INFO - doorNotification.py - 공지 json파일 요청
2024-03-23 01:12:59,193 - INFO - doorNotification.py - 공지 json파일이 존재
2024-03-23 01:12:59,193 - INFO - doorNotification.py - 각 강의별 공지 파싱 시작
2024-03-23 01:13:01,022 - ERROR - doorNotification.py - 오류가 발생했습니다:'NoneType' object is not subscriptable
2024-03-23 01:13:31,502 - INFO - doorNotification.py - 도어 크롤링 시작
2024-03-23 01:13:32,728 - INFO - doorNotification.py - door 접속
2024-03-23 01:13:33,113 - INFO - doorNotification.py - 로그인 시도
2024-03-23 01:13:33,392 - INFO - doorNotification.py - 로그인 완료
2024-03-23 01:13:33,392 - INFO - doorNotification.py - 강의실 목록으로 이동
2024-03-23 01:13:37,107 - INFO - doorNotification.py - 강의 목록 파싱
2024-03-23 01:13:37,121 - INFO - doorNotification.py - 수강중인 강의 개수: 7
2024-03-23 01:13:37,121 - INFO - doorNotification.py - 공지 json파일 요청
2024-03-23 01:13:37,122 - INFO - doorNotification.py - 공지 json파일이 존재
2024-03-23 01:13:37,122 - INFO - doorNotification.py - 각 강의별 공지 파싱 시작
2024-03-23 01:13:38,917 - ERROR - doorNotification.py - 오류가 발생했습니다:'NoneType' object is not subscriptable
2024-03-23 01:14:21,790 - INFO - doorNotification.py - 도어 크롤링 시작
2024-03-23 01:14:23,019 - INFO - doorNotification.py - door 접속
2024-03-23 01:14:23,403 - INFO - doorNotification.py - 로그인 시도
2024-03-23 01:14:26,905 - INFO - doorNotification.py - 로그인 완료
2024-03-23 01:14:26,905 - INFO - doorNotification.py - 강의실 목록으로 이동
2024-03-23 01:14:27,252 - INFO - doorNotification.py - 강의 목록 파싱
2024-03-23 01:14:27,265 - INFO - doorNotification.py - 수강중인 강의 개수: 7
2024-03-23 01:14:27,265 - INFO - doorNotification.py - 공지 json파일 요청
2024-03-23 01:14:27,265 - INFO - doorNotification.py - 공지 json파일이 존재
2024-03-23 01:14:27,265 - INFO - doorNotification.py - 각 강의별 공지 파싱 시작
2024-03-23 01:14:29,279 - ERROR - doorNotification.py - 오류가 발생했습니다:'NoneType' object is not subscriptable
2024-03-23 01:15:07,658 - INFO - doorNotification.py - 도어 크롤링 시작
2024-03-23 01:15:08,904 - INFO - doorNotification.py - door 접속
2024-03-23 01:15:09,287 - INFO - doorNotification.py - 로그인 시도
2024-03-23 01:15:09,640 - INFO - doorNotification.py - 로그인 완료
2024-03-23 01:15:09,640 - INFO - doorNotification.py - 강의실 목록으로 이동
2024-03-23 01:15:12,326 - INFO - doorNotification.py - 강의 목록 파싱
2024-03-23 01:15:12,341 - INFO - doorNotification.py - 수강중인 강의 개수: 7
2024-03-23 01:15:12,341 - INFO - doorNotification.py - 공지 json파일 요청
2024-03-23 01:15:12,341 - INFO - doorNotification.py - 공지 json파일이 존재
2024-03-23 01:15:12,341 - INFO - doorNotification.py - 각 강의별 공지 파싱 시작
2024-03-23 01:15:12,643 - ERROR - doorNotification.py - 오류가 발생했습니다:list index out of range
2024-03-23 01:16:34,555 - INFO - doorNotification.py - 도어 크롤링 시작
2024-03-23 01:16:35,805 - INFO - doorNotification.py - door 접속
2024-03-23 01:16:36,203 - INFO - doorNotification.py - 로그인 시도
2024-03-23 01:16:39,060 - INFO - doorNotification.py - 로그인 완료
2024-03-23 01:16:39,060 - INFO - doorNotification.py - 강의실 목록으로 이동
2024-03-23 01:16:39,755 - INFO - doorNotification.py - 강의 목록 파싱
2024-03-23 01:16:39,769 - INFO - doorNotification.py - 수강중인 강의 개수: 7
2024-03-23 01:16:39,769 - INFO - doorNotification.py - 공지 json파일 요청
2024-03-23 01:16:39,769 - WARNING - doorNotification.py - 파일이 비어있어 빈 dict를 반환합니다.
2024-03-23 01:16:39,769 - INFO - doorNotification.py - 20193209의 학기 Json을 새로 만든는 중
2024-03-23 01:16:39,770 - INFO - doorNotification.py - 각 강의별 공지 파싱 시작
2024-03-23 01:16:40,024 - ERROR - doorNotification.py - 오류가 발생했습니다:list index out of range
2024-03-23 01:21:04,446 - INFO - doorNotification.py - 도어 크롤링 시작
2024-03-23 01:21:05,711 - INFO - doorNotification.py - door 접속
2024-03-23 01:21:06,160 - INFO - doorNotification.py - 로그인 시도
2024-03-23 01:21:08,812 - INFO - doorNotification.py - 로그인 완료
2024-03-23 01:21:08,812 - INFO - doorNotification.py - 강의실 목록으로 이동
2024-03-23 01:21:09,419 - INFO - doorNotification.py - 강의 목록 파싱
2024-03-23 01:21:09,432 - INFO - doorNotification.py - 수강중인 강의 개수: 7
2024-03-23 01:21:09,432 - INFO - doorNotification.py - 공지 json파일 요청
2024-03-23 01:21:09,433 - WARNING - doorNotification.py - 파일이 비어있어 빈 dict를 반환합니다.
2024-03-23 01:21:09,433 - INFO - doorNotification.py - 20193209의 학기 Json을 새로 만든는 중
2024-03-23 01:21:09,433 - INFO - doorNotification.py - 각 강의별 공지 파싱 시작
2024-03-23 01:21:09,807 - ERROR - doorNotification.py - 오류가 발생했습니다:list index out of range
2024-03-23 01:22:04,703 - INFO - doorNotification.py - 도어 크롤링 시작
2024-03-23 01:22:05,935 - INFO - doorNotification.py - door 접속
2024-03-23 01:22:06,359 - INFO - doorNotification.py - 로그인 시도
2024-03-23 01:22:09,220 - INFO - doorNotification.py - 로그인 완료
2024-03-23 01:22:09,220 - INFO - doorNotification.py - 강의실 목록으로 이동
2024-03-23 01:22:09,665 - INFO - doorNotification.py - 강의 목록 파싱
2024-03-23 01:22:09,678 - INFO - doorNotification.py - 수강중인 강의 개수: 7
2024-03-23 01:22:09,678 - INFO - doorNotification.py - 공지 json파일 요청
2024-03-23 01:22:09,678 - WARNING - doorNotification.py - 파일이 비어있어 빈 dict를 반환합니다.
2024-03-23 01:22:09,678 - INFO - doorNotification.py - 20193209의 학기 Json을 새로 만든는 중
2024-03-23 01:22:09,679 - INFO - doorNotification.py - 각 강의별 공지 파싱 시작
2024-03-23 01:22:09,958 - ERROR - doorNotification.py - 오류가 발생했습니다:list index out of range
2024-03-23 01:22:51,795 - INFO - doorNotification.py - 도어 크롤링 시작
2024-03-23 01:22:53,018 - INFO - doorNotification.py - door 접속
2024-03-23 01:22:53,405 - INFO - doorNotification.py - 로그인 시도
2024-03-23 01:22:56,327 - INFO - doorNotification.py - 로그인 완료
2024-03-23 01:22:56,327 - INFO - doorNotification.py - 강의실 목록으로 이동
2024-03-23 01:22:56,744 - INFO - doorNotification.py - 강의 목록 파싱
2024-03-23 01:22:56,756 - INFO - doorNotification.py - 수강중인 강의 개수: 7
2024-03-23 01:22:56,756 - INFO - doorNotification.py - 공지 json파일 요청
2024-03-23 01:22:56,757 - WARNING - doorNotification.py - 파일이 비어있어 빈 dict를 반환합니다.
2024-03-23 01:22:56,757 - INFO - doorNotification.py - 20193209의 학기 Json을 새로 만든는 중
2024-03-23 01:22:56,757 - INFO - doorNotification.py - 각 강의별 공지 파싱 시작
2024-03-23 01:22:57,135 - ERROR - doorNotification.py - 오류가 발생했습니다:list index out of range
2024-03-23 01:23:29,718 - INFO - doorNotification.py - 도어 크롤링 시작
2024-03-23 01:23:30,944 - INFO - doorNotification.py - door 접속
2024-03-23 01:23:31,376 - INFO - doorNotification.py - 로그인 시도
2024-03-23 01:23:33,619 - INFO - doorNotification.py - 로그인 완료
2024-03-23 01:23:33,619 - INFO - doorNotification.py - 강의실 목록으로 이동
2024-03-23 01:23:34,268 - INFO - doorNotification.py - 강의 목록 파싱
2024-03-23 01:23:34,282 - INFO - doorNotification.py - 수강중인 강의 개수: 7
2024-03-23 01:23:34,282 - INFO - doorNotification.py - 공지 json파일 요청
2024-03-23 01:23:34,282 - WARNING - doorNotification.py - 파일이 비어있어 빈 dict를 반환합니다.
2024-03-23 01:23:34,283 - INFO - doorNotification.py - 20193209의 학기 Json을 새로 만든는 중
2024-03-23 01:23:34,283 - INFO - doorNotification.py - 각 강의별 공지 파싱 시작
2024-03-23 01:23:34,713 - ERROR - doorNotification.py - 오류가 발생했습니다:list index out of range
2024-03-23 01:24:30,534 - INFO - doorNotification.py - 도어 크롤링 시작
2024-03-23 01:24:31,765 - INFO - doorNotification.py - door 접속
2024-03-23 01:24:32,179 - INFO - doorNotification.py - 로그인 시도
2024-03-23 01:24:35,914 - INFO - doorNotification.py - 로그인 완료
2024-03-23 01:24:35,914 - INFO - doorNotification.py - 강의실 목록으로 이동
2024-03-23 01:24:36,430 - INFO - doorNotification.py - 강의 목록 파싱
2024-03-23 01:24:36,444 - INFO - doorNotification.py - 수강중인 강의 개수: 7
2024-03-23 01:24:36,444 - INFO - doorNotification.py - 공지 json파일 요청
2024-03-23 01:24:36,444 - WARNING - doorNotification.py - 파일이 비어있어 빈 dict를 반환합니다.
2024-03-23 01:24:36,444 - INFO - doorNotification.py - 20193209의 학기 Json을 새로 만든는 중
2024-03-23 01:24:36,444 - INFO - doorNotification.py - 각 강의별 공지 파싱 시작
2024-03-23 01:24:36,751 - ERROR - doorNotification.py - 오류가 발생했습니다:list index out of range
2024-03-23 01:25:03,381 - INFO - doorNotification.py - 도어 크롤링 시작
2024-03-23 01:25:04,612 - INFO - doorNotification.py - door 접속
2024-03-23 01:25:05,269 - INFO - doorNotification.py - 로그인 시도
2024-03-23 01:25:07,771 - INFO - doorNotification.py - 로그인 완료
2024-03-23 01:25:07,772 - INFO - doorNotification.py - 강의실 목록으로 이동
2024-03-23 01:25:08,226 - INFO - doorNotification.py - 강의 목록 파싱
2024-03-23 01:25:08,238 - INFO - doorNotification.py - 수강중인 강의 개수: 7
2024-03-23 01:25:08,239 - INFO - doorNotification.py - 공지 json파일 요청
2024-03-23 01:25:08,239 - WARNING - doorNotification.py - 파일이 비어있어 빈 dict를 반환합니다.
2024-03-23 01:25:08,239 - INFO - doorNotification.py - 20193209의 학기 Json을 새로 만든는 중
2024-03-23 01:25:08,239 - INFO - doorNotification.py - 각 강의별 공지 파싱 시작
2024-03-23 01:25:08,464 - ERROR - doorNotification.py - 오류가 발생했습니다:list index out of range
2024-03-23 01:25:18,700 - INFO - doorNotification.py - 도어 크롤링 시작
2024-03-23 01:25:19,918 - INFO - doorNotification.py - door 접속
2024-03-23 01:25:20,295 - INFO - doorNotification.py - 로그인 시도
2024-03-23 01:25:23,157 - INFO - doorNotification.py - 로그인 완료
2024-03-23 01:25:23,157 - INFO - doorNotification.py - 강의실 목록으로 이동
2024-03-23 01:25:23,656 - INFO - doorNotification.py - 강의 목록 파싱
2024-03-23 01:25:23,670 - INFO - doorNotification.py - 수강중인 강의 개수: 7
2024-03-23 01:25:23,670 - INFO - doorNotification.py - 공지 json파일 요청
2024-03-23 01:25:23,671 - WARNING - doorNotification.py - 파일이 비어있어 빈 dict를 반환합니다.
2024-03-23 01:25:23,671 - INFO - doorNotification.py - 20193209의 학기 Json을 새로 만든는 중
2024-03-23 01:25:23,671 - INFO - doorNotification.py - 각 강의별 공지 파싱 시작
2024-03-23 01:25:24,033 - ERROR - doorNotification.py - 오류가 발생했습니다:list index out of range
2024-03-23 01:26:00,915 - INFO - doorNotification.py - 도어 크롤링 시작
2024-03-23 01:26:02,158 - INFO - doorNotification.py - door 접속
2024-03-23 01:26:02,583 - INFO - doorNotification.py - 로그인 시도
2024-03-23 01:26:05,559 - INFO - doorNotification.py - 로그인 완료
2024-03-23 01:26:05,559 - INFO - doorNotification.py - 강의실 목록으로 이동
2024-03-23 01:26:06,119 - INFO - doorNotification.py - 강의 목록 파싱
2024-03-23 01:26:06,133 - INFO - doorNotification.py - 수강중인 강의 개수: 7
2024-03-23 01:26:06,133 - INFO - doorNotification.py - 공지 json파일 요청
2024-03-23 01:26:06,133 - WARNING - doorNotification.py - 파일이 비어있어 빈 dict를 반환합니다.
2024-03-23 01:26:06,133 - INFO - doorNotification.py - 20193209의 학기 Json을 새로 만든는 중
2024-03-23 01:26:06,133 - INFO - doorNotification.py - 각 강의별 공지 파싱 시작
2024-03-23 01:26:06,520 - ERROR - doorNotification.py - 오류가 발생했습니다:list index out of range
2024-03-23 01:27:59,850 - INFO - doorNotification.py - 도어 크롤링 시작
2024-03-23 01:28:01,111 - INFO - doorNotification.py - door 접속
2024-03-23 01:28:01,580 - INFO - doorNotification.py - 로그인 시도
2024-03-23 01:28:06,274 - INFO - doorNotification.py - 로그인 완료
2024-03-23 01:28:06,274 - INFO - doorNotification.py - 강의실 목록으로 이동
2024-03-23 01:28:06,785 - INFO - doorNotification.py - 강의 목록 파싱
2024-03-23 01:28:06,798 - INFO - doorNotification.py - 수강중인 강의 개수: 7
2024-03-23 01:28:06,798 - INFO - doorNotification.py - 공지 json파일 요청
2024-03-23 01:28:06,798 - WARNING - doorNotification.py - 파일이 비어있어 빈 dict를 반환합니다.
2024-03-23 01:28:06,799 - INFO - doorNotification.py - 20193209의 학기 Json을 새로 만든는 중
2024-03-23 01:28:06,799 - INFO - doorNotification.py - 각 강의별 공지 파싱 시작
2024-03-23 01:28:07,302 - ERROR - doorNotification.py - 오류가 발생했습니다:list index out of range
2024-03-23 01:28:57,137 - INFO - doorNotification.py - 도어 크롤링 시작
2024-03-23 01:28:58,357 - INFO - doorNotification.py - door 접속
2024-03-23 01:28:58,719 - INFO - doorNotification.py - 로그인 시도
2024-03-23 01:29:02,404 - INFO - doorNotification.py - 로그인 완료
2024-03-23 01:29:02,404 - INFO - doorNotification.py - 강의실 목록으로 이동
2024-03-23 01:29:02,755 - INFO - doorNotification.py - 강의 목록 파싱
2024-03-23 01:29:02,768 - INFO - doorNotification.py - 수강중인 강의 개수: 7
2024-03-23 01:29:02,768 - INFO - doorNotification.py - 공지 json파일 요청
2024-03-23 01:29:02,768 - WARNING - doorNotification.py - 파일이 비어있어 빈 dict를 반환합니다.
2024-03-23 01:29:02,768 - INFO - doorNotification.py - 20193209의 학기 Json을 새로 만든는 중
2024-03-23 01:29:02,768 - INFO - doorNotification.py - 각 강의별 공지 파싱 시작
2024-03-23 01:29:03,091 - ERROR - doorNotification.py - 오류가 발생했습니다:list index out of range
2024-03-23 01:29:25,751 - INFO - doorNotification.py - 도어 크롤링 시작
2024-03-23 01:29:26,972 - INFO - doorNotification.py - door 접속
2024-03-23 01:29:27,617 - INFO - doorNotification.py - 로그인 시도
2024-03-23 01:29:30,490 - INFO - doorNotification.py - 로그인 완료
2024-03-23 01:29:30,490 - INFO - doorNotification.py - 강의실 목록으로 이동
2024-03-23 01:29:31,139 - INFO - doorNotification.py - 강의 목록 파싱
2024-03-23 01:29:31,152 - INFO - doorNotification.py - 수강중인 강의 개수: 7
2024-03-23 01:29:31,152 - INFO - doorNotification.py - 공지 json파일 요청
2024-03-23 01:29:31,153 - WARNING - doorNotification.py - 파일이 비어있어 빈 dict를 반환합니다.
2024-03-23 01:29:31,153 - INFO - doorNotification.py - 20193209의 학기 Json을 새로 만든는 중
2024-03-23 01:29:31,153 - INFO - doorNotification.py - 각 강의별 공지 파싱 시작
2024-03-23 01:29:31,382 - ERROR - doorNotification.py - 오류가 발생했습니다:'NoneType' object has no attribute 'find_all'
2024-03-23 01:30:04,483 - INFO - doorNotification.py - 도어 크롤링 시작
2024-03-23 01:30:05,718 - INFO - doorNotification.py - door 접속
2024-03-23 01:30:06,124 - INFO - doorNotification.py - 로그인 시도
2024-03-23 01:30:09,104 - INFO - doorNotification.py - 로그인 완료
2024-03-23 01:30:09,104 - INFO - doorNotification.py - 강의실 목록으로 이동
2024-03-23 01:30:09,727 - INFO - doorNotification.py - 강의 목록 파싱
2024-03-23 01:30:09,740 - INFO - doorNotification.py - 수강중인 강의 개수: 7
2024-03-23 01:30:09,740 - INFO - doorNotification.py - 공지 json파일 요청
2024-03-23 01:30:09,740 - WARNING - doorNotification.py - 파일이 비어있어 빈 dict를 반환합니다.
2024-03-23 01:30:09,740 - INFO - doorNotification.py - 20193209의 학기 Json을 새로 만든는 중
2024-03-23 01:30:09,740 - INFO - doorNotification.py - 각 강의별 공지 파싱 시작
2024-03-23 01:30:10,189 - ERROR - doorNotification.py - 오류가 발생했습니다:list index out of range
2024-03-23 01:30:30,780 - INFO - doorNotification.py - 도어 크롤링 시작
2024-03-23 01:30:32,034 - INFO - doorNotification.py - door 접속
2024-03-23 01:30:32,487 - INFO - doorNotification.py - 로그인 시도
2024-03-23 01:30:36,030 - INFO - doorNotification.py - 로그인 완료
2024-03-23 01:30:36,030 - INFO - doorNotification.py - 강의실 목록으로 이동
2024-03-23 01:30:36,545 - INFO - doorNotification.py - 강의 목록 파싱
2024-03-23 01:30:36,560 - INFO - doorNotification.py - 수강중인 강의 개수: 7
2024-03-23 01:30:36,560 - INFO - doorNotification.py - 공지 json파일 요청
2024-03-23 01:30:36,560 - WARNING - doorNotification.py - 파일이 비어있어 빈 dict를 반환합니다.
2024-03-23 01:30:36,560 - INFO - doorNotification.py - 20193209의 학기 Json을 새로 만든는 중
2024-03-23 01:30:36,560 - INFO - doorNotification.py - 각 강의별 공지 파싱 시작
2024-03-23 01:30:36,916 - ERROR - doorNotification.py - 오류가 발생했습니다:list index out of range
2024-03-23 01:30:40,586 - INFO - doorNotification.py - 도어 크롤링 시작
2024-03-23 01:30:41,808 - INFO - doorNotification.py - door 접속
2024-03-23 01:30:42,181 - INFO - doorNotification.py - 로그인 시도
2024-03-23 01:30:45,028 - INFO - doorNotification.py - 로그인 완료
2024-03-23 01:30:45,029 - INFO - doorNotification.py - 강의실 목록으로 이동
2024-03-23 01:30:45,598 - INFO - doorNotification.py - 강의 목록 파싱
2024-03-23 01:30:45,612 - INFO - doorNotification.py - 수강중인 강의 개수: 7
2024-03-23 01:30:45,612 - INFO - doorNotification.py - 공지 json파일 요청
2024-03-23 01:30:45,612 - WARNING - doorNotification.py - 파일이 비어있어 빈 dict를 반환합니다.
2024-03-23 01:30:45,612 - INFO - doorNotification.py - 20193209의 학기 Json을 새로 만든는 중
2024-03-23 01:30:45,612 - INFO - doorNotification.py - 각 강의별 공지 파싱 시작
2024-03-23 01:30:45,887 - ERROR - doorNotification.py - 오류가 발생했습니다:list index out of range
2024-03-23 01:31:02,511 - INFO - doorNotification.py - 도어 크롤링 시작
2024-03-23 01:31:03,748 - INFO - doorNotification.py - door 접속
2024-03-23 01:31:04,184 - INFO - doorNotification.py - 로그인 시도
2024-03-23 01:31:07,140 - INFO - doorNotification.py - 로그인 완료
2024-03-23 01:31:07,140 - INFO - doorNotification.py - 강의실 목록으로 이동
2024-03-23 01:31:07,695 - INFO - doorNotification.py - 강의 목록 파싱
2024-03-23 01:31:07,708 - INFO - doorNotification.py - 수강중인 강의 개수: 7
2024-03-23 01:31:07,708 - INFO - doorNotification.py - 공지 json파일 요청
2024-03-23 01:31:07,708 - WARNING - doorNotification.py - 파일이 비어있어 빈 dict를 반환합니다.
2024-03-23 01:31:07,708 - INFO - doorNotification.py - 20193209의 학기 Json을 새로 만든는 중
2024-03-23 01:31:07,708 - INFO - doorNotification.py - 각 강의별 공지 파싱 시작
2024-03-23 01:31:07,936 - ERROR - doorNotification.py - 오류가 발생했습니다:list index out of range
2024-03-23 01:32:06,780 - INFO - doorNotification.py - 도어 크롤링 시작
2024-03-23 01:32:08,048 - INFO - doorNotification.py - door 접속
2024-03-23 01:32:08,441 - INFO - doorNotification.py - 로그인 시도
2024-03-23 01:32:11,237 - INFO - doorNotification.py - 로그인 완료
2024-03-23 01:32:11,237 - INFO - doorNotification.py - 강의실 목록으로 이동
2024-03-23 01:32:11,530 - INFO - doorNotification.py - 강의 목록 파싱
2024-03-23 01:32:11,544 - INFO - doorNotification.py - 수강중인 강의 개수: 7
2024-03-23 01:32:11,544 - INFO - doorNotification.py - 공지 json파일 요청
2024-03-23 01:32:11,544 - WARNING - doorNotification.py - 파일이 비어있어 빈 dict를 반환합니다.
2024-03-23 01:32:11,544 - INFO - doorNotification.py - 20193209의 학기 Json을 새로 만든는 중
2024-03-23 01:32:11,544 - INFO - doorNotification.py - 각 강의별 공지 파싱 시작
2024-03-23 01:32:11,773 - ERROR - doorNotification.py - 오류가 발생했습니다:list index out of range
2024-03-23 01:32:45,838 - INFO - doorNotification.py - 도어 크롤링 시작
2024-03-23 01:32:47,054 - INFO - doorNotification.py - door 접속
2024-03-23 01:32:47,494 - INFO - doorNotification.py - 로그인 시도
2024-03-23 01:32:50,522 - INFO - doorNotification.py - 로그인 완료
2024-03-23 01:32:50,522 - INFO - doorNotification.py - 강의실 목록으로 이동
2024-03-23 01:32:50,887 - INFO - doorNotification.py - 강의 목록 파싱
2024-03-23 01:32:50,905 - INFO - doorNotification.py - 수강중인 강의 개수: 7
2024-03-23 01:32:50,905 - INFO - doorNotification.py - 공지 json파일 요청
2024-03-23 01:32:50,905 - WARNING - doorNotification.py - 파일이 비어있어 빈 dict를 반환합니다.
2024-03-23 01:32:50,905 - INFO - doorNotification.py - 20193209의 학기 Json을 새로 만든는 중
2024-03-23 01:32:50,905 - INFO - doorNotification.py - 각 강의별 공지 파싱 시작
2024-03-23 01:32:53,295 - INFO - doorNotification.py - 도어 크롤링 시작
2024-03-23 01:32:54,513 - INFO - doorNotification.py - door 접속
2024-03-23 01:32:54,973 - INFO - doorNotification.py - 로그인 시도
2024-03-23 01:32:58,044 - INFO - doorNotification.py - 로그인 완료
2024-03-23 01:32:58,044 - INFO - doorNotification.py - 강의실 목록으로 이동
2024-03-23 01:32:58,585 - INFO - doorNotification.py - 강의 목록 파싱
2024-03-23 01:32:58,599 - INFO - doorNotification.py - 수강중인 강의 개수: 7
2024-03-23 01:32:58,599 - INFO - doorNotification.py - 공지 json파일 요청
2024-03-23 01:32:58,599 - WARNING - doorNotification.py - 파일이 비어있어 빈 dict를 반환합니다.
2024-03-23 01:32:58,599 - INFO - doorNotification.py - 20193209의 학기 Json을 새로 만든는 중
2024-03-23 01:32:58,599 - INFO - doorNotification.py - 각 강의별 공지 파싱 시작
2024-03-23 01:33:19,440 - INFO - doorNotification.py - 도어 크롤링 시작
2024-03-23 01:33:20,658 - INFO - doorNotification.py - door 접속
2024-03-23 01:33:21,037 - INFO - doorNotification.py - 로그인 시도
2024-03-23 01:33:25,092 - INFO - doorNotification.py - 도어 크롤링 시작
2024-03-23 01:33:26,304 - INFO - doorNotification.py - door 접속
2024-03-23 01:33:26,730 - INFO - doorNotification.py - 로그인 시도
2024-03-23 01:33:30,474 - INFO - doorNotification.py - 로그인 완료
2024-03-23 01:33:30,474 - INFO - doorNotification.py - 강의실 목록으로 이동
2024-03-23 01:33:30,967 - INFO - doorNotification.py - 강의 목록 파싱
2024-03-23 01:33:30,983 - INFO - doorNotification.py - 수강중인 강의 개수: 7
2024-03-23 01:33:30,984 - INFO - doorNotification.py - 공지 json파일 요청
2024-03-23 01:33:30,984 - WARNING - doorNotification.py - 파일이 비어있어 빈 dict를 반환합니다.
2024-03-23 01:33:30,984 - INFO - doorNotification.py - 20193209의 학기 Json을 새로 만든는 중
2024-03-23 01:33:30,984 - INFO - doorNotification.py - 각 강의별 공지 파싱 시작
2024-03-23 01:33:31,484 - ERROR - doorNotification.py - 오류가 발생했습니다:list index out of range
2024-03-23 01:34:28,230 - INFO - doorNotification.py - 도어 크롤링 시작
2024-03-23 01:34:29,466 - INFO - doorNotification.py - door 접속
2024-03-23 01:34:29,842 - INFO - doorNotification.py - 로그인 시도
2024-03-23 01:34:32,925 - INFO - doorNotification.py - 로그인 완료
2024-03-23 01:34:32,925 - INFO - doorNotification.py - 강의실 목록으로 이동
2024-03-23 01:34:33,341 - INFO - doorNotification.py - 강의 목록 파싱
2024-03-23 01:34:33,354 - INFO - doorNotification.py - 수강중인 강의 개수: 7
2024-03-23 01:34:33,354 - INFO - doorNotification.py - 공지 json파일 요청
2024-03-23 01:34:33,354 - WARNING - doorNotification.py - 파일이 비어있어 빈 dict를 반환합니다.
2024-03-23 01:34:33,354 - INFO - doorNotification.py - 20193209의 학기 Json을 새로 만든는 중
2024-03-23 01:34:33,354 - INFO - doorNotification.py - 각 강의별 공지 파싱 시작
2024-03-23 01:35:11,695 - INFO - doorNotification.py - 도어 크롤링 시작
2024-03-23 01:35:12,916 - INFO - doorNotification.py - door 접속
2024-03-23 01:35:13,362 - INFO - doorNotification.py - 로그인 시도
2024-03-23 01:35:15,587 - INFO - doorNotification.py - 로그인 완료
2024-03-23 01:35:15,587 - INFO - doorNotification.py - 강의실 목록으로 이동
2024-03-23 01:35:16,165 - INFO - doorNotification.py - 강의 목록 파싱
2024-03-23 01:35:16,181 - INFO - doorNotification.py - 수강중인 강의 개수: 7
2024-03-23 01:35:16,181 - INFO - doorNotification.py - 공지 json파일 요청
2024-03-23 01:35:16,181 - WARNING - doorNotification.py - 파일이 비어있어 빈 dict를 반환합니다.
2024-03-23 01:35:16,181 - INFO - doorNotification.py - 20193209의 학기 Json을 새로 만든는 중
2024-03-23 01:35:16,181 - INFO - doorNotification.py - 각 강의별 공지 파싱 시작
2024-03-23 01:35:18,242 - ERROR - doorNotification.py - 오류가 발생했습니다:'NoneType' object is not subscriptable
2024-03-23 01:36:10,630 - INFO - doorNotification.py - 도어 크롤링 시작
2024-03-23 01:36:11,873 - INFO - doorNotification.py - door 접속
2024-03-23 01:36:12,274 - INFO - doorNotification.py - 로그인 시도
2024-03-23 01:36:15,184 - INFO - doorNotification.py - 로그인 완료
2024-03-23 01:36:15,184 - INFO - doorNotification.py - 강의실 목록으로 이동
2024-03-23 01:36:15,661 - INFO - doorNotification.py - 강의 목록 파싱
2024-03-23 01:36:15,674 - INFO - doorNotification.py - 수강중인 강의 개수: 7
2024-03-23 01:36:15,674 - INFO - doorNotification.py - 공지 json파일 요청
2024-03-23 01:36:15,675 - WARNING - doorNotification.py - 파일이 비어있어 빈 dict를 반환합니다.
2024-03-23 01:36:15,675 - INFO - doorNotification.py - 20193209의 학기 Json을 새로 만든는 중
2024-03-23 01:36:15,675 - INFO - doorNotification.py - 각 강의별 공지 파싱 시작
2024-03-23 01:36:25,754 - INFO - doorNotification.py - 공지 파싱 종료
2024-03-23 01:36:25,755 - INFO - doorNotification.py - 도어 크롤링 수행완료 대기전환
2024-03-23 01:40:04,412 - INFO - doorNotification.py - 도어 크롤링 시작
2024-03-23 01:40:05,709 - INFO - doorNotification.py - door 접속
2024-03-23 01:40:06,075 - INFO - doorNotification.py - 로그인 시도
2024-03-23 01:40:10,038 - INFO - doorNotification.py - 로그인 완료
2024-03-23 01:40:10,038 - INFO - doorNotification.py - 강의실 목록으로 이동
2024-03-23 01:40:10,492 - INFO - doorNotification.py - 강의 목록 파싱
2024-03-23 01:40:10,505 - INFO - doorNotification.py - 수강중인 강의 개수: 7
2024-03-23 01:40:10,505 - INFO - doorNotification.py - 공지 json파일 요청
2024-03-23 01:40:10,506 - INFO - doorNotification.py - 공지 json파일이 존재
2024-03-23 01:40:10,506 - INFO - doorNotification.py - 각 강의별 공지 파싱 시작
2024-03-23 01:40:21,048 - INFO - doorNotification.py - 공지 파싱 종료
2024-03-23 01:40:21,049 - INFO - doorNotification.py - 도어 크롤링 수행완료 대기전환
2024-03-23 01:41:15,992 - INFO - doorNotification.py - 도어 크롤링 시작
2024-03-23 01:41:17,216 - INFO - doorNotification.py - door 접속
2024-03-23 01:41:17,611 - INFO - doorNotification.py - 로그인 시도
2024-03-23 01:41:20,137 - INFO - doorNotification.py - 로그인 완료
2024-03-23 01:41:20,138 - INFO - doorNotification.py - 강의실 목록으로 이동
2024-03-23 01:41:20,663 - INFO - doorNotification.py - 강의 목록 파싱
2024-03-23 01:41:20,677 - INFO - doorNotification.py - 수강중인 강의 개수: 7
2024-03-23 01:41:20,677 - INFO - doorNotification.py - 공지 json파일 요청
2024-03-23 01:41:20,677 - INFO - doorNotification.py - 공지 json파일이 존재
2024-03-23 01:41:20,677 - INFO - doorNotification.py - 각 강의별 공지 파싱 시작
2024-03-23 01:41:32,487 - INFO - doorNotification.py - 공지 파싱 종료
2024-03-23 01:41:32,488 - INFO - doorNotification.py - 도어 크롤링 수행완료 대기전환
2024-03-23 01:42:25,473 - INFO - doorNotification.py - 도어 크롤링 시작
2024-03-23 01:42:26,698 - INFO - doorNotification.py - door 접속
2024-03-23 01:42:27,206 - INFO - doorNotification.py - 로그인 시도
2024-03-23 01:42:30,174 - INFO - doorNotification.py - 로그인 완료
2024-03-23 01:42:30,174 - INFO - doorNotification.py - 강의실 목록으로 이동
2024-03-23 01:42:30,702 - INFO - doorNotification.py - 강의 목록 파싱
2024-03-23 01:42:30,715 - INFO - doorNotification.py - 수강중인 강의 개수: 7
2024-03-23 01:42:30,715 - INFO - doorNotification.py - 공지 json파일 요청
2024-03-23 01:42:30,716 - INFO - doorNotification.py - 공지 json파일이 존재
2024-03-23 01:42:30,716 - INFO - doorNotification.py - 각 강의별 공지 파싱 시작
2024-03-23 01:42:43,677 - INFO - doorNotification.py - 공지 파싱 종료
2024-03-23 01:42:43,678 - INFO - doorNotification.py - 도어 크롤링 수행완료 대기전환
2024-03-23 01:46:44,505 - INFO - doorNotification.py - 도어 크롤링 시작
2024-03-23 01:46:45,768 - INFO - doorNotification.py - door 접속
2024-03-23 01:46:46,177 - INFO - doorNotification.py - 로그인 시도
2024-03-23 01:46:49,671 - INFO - doorNotification.py - 로그인 완료
2024-03-23 01:46:49,671 - INFO - doorNotification.py - 강의실 목록으로 이동
2024-03-23 01:46:50,233 - INFO - doorNotification.py - 강의 목록 파싱
2024-03-23 01:46:50,247 - INFO - doorNotification.py - 수강중인 강의 개수: 7
2024-03-23 01:46:50,247 - INFO - doorNotification.py - 공지 json파일 요청
2024-03-23 01:46:50,248 - INFO - doorNotification.py - 공지 json파일이 존재
2024-03-23 01:46:50,248 - INFO - doorNotification.py - 각 강의별 공지 파싱 시작
2024-03-23 01:46:50,718 - ERROR - doorNotification.py - 오류가 발생했습니다:unsupported operand type(s) for -: 'str' and 'int'
2024-03-23 01:47:22,308 - INFO - doorNotification.py - 도어 크롤링 시작
2024-03-23 01:47:23,562 - INFO - doorNotification.py - door 접속
2024-03-23 01:47:24,002 - INFO - doorNotification.py - 로그인 시도
2024-03-23 01:47:26,686 - INFO - doorNotification.py - 로그인 완료
2024-03-23 01:47:26,686 - INFO - doorNotification.py - 강의실 목록으로 이동
2024-03-23 01:47:27,084 - INFO - doorNotification.py - 강의 목록 파싱
2024-03-23 01:47:27,098 - INFO - doorNotification.py - 수강중인 강의 개수: 7
2024-03-23 01:47:27,098 - INFO - doorNotification.py - 공지 json파일 요청
2024-03-23 01:47:27,098 - INFO - doorNotification.py - 공지 json파일이 존재
2024-03-23 01:47:27,099 - INFO - doorNotification.py - 각 강의별 공지 파싱 시작
2024-03-23 01:47:27,769 - ERROR - doorNotification.py - 오류가 발생했습니다:unsupported operand type(s) for -: 'str' and 'int'
2024-03-23 01:49:00,884 - INFO - doorNotification.py - 도어 크롤링 시작
2024-03-23 01:49:02,150 - INFO - doorNotification.py - door 접속
2024-03-23 01:49:02,531 - INFO - doorNotification.py - 로그인 시도
2024-03-23 01:49:05,198 - INFO - doorNotification.py - 로그인 완료
2024-03-23 01:49:05,198 - INFO - doorNotification.py - 강의실 목록으로 이동
2024-03-23 01:49:05,568 - INFO - doorNotification.py - 강의 목록 파싱
2024-03-23 01:49:05,582 - INFO - doorNotification.py - 수강중인 강의 개수: 7
2024-03-23 01:49:05,582 - INFO - doorNotification.py - 공지 json파일 요청
2024-03-23 01:49:05,583 - INFO - doorNotification.py - 공지 json파일이 존재
2024-03-23 01:49:05,583 - INFO - doorNotification.py - 각 강의별 공지 파싱 시작
2024-03-23 01:49:14,048 - INFO - doorNotification.py - 도어 크롤링 시작
2024-03-23 01:49:15,273 - INFO - doorNotification.py - door 접속
2024-03-23 01:49:15,700 - INFO - doorNotification.py - 로그인 시도
2024-03-23 01:49:18,176 - INFO - doorNotification.py - 로그인 완료
2024-03-23 01:49:18,176 - INFO - doorNotification.py - 강의실 목록으로 이동
2024-03-23 01:49:18,588 - INFO - doorNotification.py - 강의 목록 파싱
2024-03-23 01:49:18,601 - INFO - doorNotification.py - 수강중인 강의 개수: 7
2024-03-23 01:49:18,601 - INFO - doorNotification.py - 공지 json파일 요청
2024-03-23 01:49:18,601 - INFO - doorNotification.py - 공지 json파일이 존재
2024-03-23 01:49:18,601 - INFO - doorNotification.py - 각 강의별 공지 파싱 시작
2024-03-23 01:49:19,140 - ERROR - doorNotification.py - 오류가 발생했습니다:unsupported operand type(s) for -: 'str' and 'int'
2024-03-23 01:49:51,287 - INFO - doorNotification.py - 도어 크롤링 시작
2024-03-23 01:49:52,511 - INFO - doorNotification.py - door 접속
2024-03-23 01:49:52,887 - INFO - doorNotification.py - 로그인 시도
2024-03-23 01:49:55,418 - INFO - doorNotification.py - 로그인 완료
2024-03-23 01:49:55,418 - INFO - doorNotification.py - 강의실 목록으로 이동
2024-03-23 01:49:55,883 - INFO - doorNotification.py - 강의 목록 파싱
2024-03-23 01:49:55,896 - INFO - doorNotification.py - 수강중인 강의 개수: 7
2024-03-23 01:49:55,896 - INFO - doorNotification.py - 공지 json파일 요청
2024-03-23 01:49:55,896 - INFO - doorNotification.py - 공지 json파일이 존재
2024-03-23 01:49:55,896 - INFO - doorNotification.py - 각 강의별 공지 파싱 시작
2024-03-23 01:49:56,606 - ERROR - doorNotification.py - 오류가 발생했습니다:list index out of range
2024-03-23 01:50:44,739 - INFO - doorNotification.py - 도어 크롤링 시작
2024-03-23 01:50:45,974 - INFO - doorNotification.py - door 접속
2024-03-23 01:50:46,459 - INFO - doorNotification.py - 로그인 시도
2024-03-23 01:50:49,288 - INFO - doorNotification.py - 로그인 완료
2024-03-23 01:50:49,288 - INFO - doorNotification.py - 강의실 목록으로 이동
2024-03-23 01:50:49,686 - INFO - doorNotification.py - 강의 목록 파싱
2024-03-23 01:50:49,699 - INFO - doorNotification.py - 수강중인 강의 개수: 7
2024-03-23 01:50:49,699 - INFO - doorNotification.py - 공지 json파일 요청
2024-03-23 01:50:49,699 - INFO - doorNotification.py - 공지 json파일이 존재
2024-03-23 01:50:49,699 - INFO - doorNotification.py - 각 강의별 공지 파싱 시작
2024-03-23 01:50:50,547 - ERROR - doorNotification.py - 오류가 발생했습니다:list index out of range
2024-03-23 01:51:16,486 - INFO - doorNotification.py - 도어 크롤링 시작
2024-03-23 01:51:17,725 - INFO - doorNotification.py - door 접속
2024-03-23 01:51:18,098 - INFO - doorNotification.py - 로그인 시도
2024-03-23 01:51:20,663 - INFO - doorNotification.py - 로그인 완료
2024-03-23 01:51:20,663 - INFO - doorNotification.py - 강의실 목록으로 이동
2024-03-23 01:51:21,059 - INFO - doorNotification.py - 강의 목록 파싱
2024-03-23 01:51:21,072 - INFO - doorNotification.py - 수강중인 강의 개수: 7
2024-03-23 01:51:21,072 - INFO - doorNotification.py - 공지 json파일 요청
2024-03-23 01:51:21,072 - INFO - doorNotification.py - 공지 json파일이 존재
2024-03-23 01:51:21,072 - INFO - doorNotification.py - 각 강의별 공지 파싱 시작
2024-03-23 01:51:22,089 - ERROR - doorNotification.py - 오류가 발생했습니다:list index out of range
2024-03-23 01:51:45,782 - INFO - doorNotification.py - 도어 크롤링 시작
2024-03-23 01:51:47,006 - INFO - doorNotification.py - door 접속
2024-03-23 01:51:47,396 - INFO - doorNotification.py - 로그인 시도
2024-03-23 01:51:50,287 - INFO - doorNotification.py - 로그인 완료
2024-03-23 01:51:50,288 - INFO - doorNotification.py - 강의실 목록으로 이동
2024-03-23 01:51:50,642 - INFO - doorNotification.py - 강의 목록 파싱
2024-03-23 01:51:50,655 - INFO - doorNotification.py - 수강중인 강의 개수: 7
2024-03-23 01:51:50,655 - INFO - doorNotification.py - 공지 json파일 요청
2024-03-23 01:51:50,656 - WARNING - doorNotification.py - 파일이 비어있어 빈 dict를 반환합니다.
2024-03-23 01:51:50,656 - INFO - doorNotification.py - 20193209의 학기 Json을 새로 만든는 중
2024-03-23 01:51:50,656 - INFO - doorNotification.py - 각 강의별 공지 파싱 시작
2024-03-23 01:51:51,599 - ERROR - doorNotification.py - 오류가 발생했습니다:list index out of range
2024-03-23 01:52:21,192 - INFO - doorNotification.py - 도어 크롤링 시작
2024-03-23 01:52:22,417 - INFO - doorNotification.py - door 접속
2024-03-23 01:52:22,885 - INFO - doorNotification.py - 로그인 시도
2024-03-23 01:52:26,154 - INFO - doorNotification.py - 로그인 완료
2024-03-23 01:52:26,156 - INFO - doorNotification.py - 강의실 목록으로 이동
2024-03-23 01:52:26,592 - INFO - doorNotification.py - 강의 목록 파싱
2024-03-23 01:52:26,604 - INFO - doorNotification.py - 수강중인 강의 개수: 7
2024-03-23 01:52:26,604 - INFO - doorNotification.py - 공지 json파일 요청
2024-03-23 01:52:26,604 - WARNING - doorNotification.py - 파일이 비어있어 빈 dict를 반환합니다.
2024-03-23 01:52:26,604 - INFO - doorNotification.py - 20193209의 학기 Json을 새로 만든는 중
2024-03-23 01:52:26,606 - INFO - doorNotification.py - 각 강의별 공지 파싱 시작
2024-03-23 01:52:27,898 - ERROR - doorNotification.py - 오류가 발생했습니다:list index out of range
2024-03-23 01:52:59,809 - INFO - doorNotification.py - 도어 크롤링 시작
2024-03-23 01:53:01,074 - INFO - doorNotification.py - door 접속
2024-03-23 01:53:01,489 - INFO - doorNotification.py - 로그인 시도
2024-03-23 01:53:04,143 - INFO - doorNotification.py - 로그인 완료
2024-03-23 01:53:04,144 - INFO - doorNotification.py - 강의실 목록으로 이동
2024-03-23 01:53:04,650 - INFO - doorNotification.py - 강의 목록 파싱
2024-03-23 01:53:04,663 - INFO - doorNotification.py - 수강중인 강의 개수: 7
2024-03-23 01:53:04,663 - INFO - doorNotification.py - 공지 json파일 요청
2024-03-23 01:53:04,663 - WARNING - doorNotification.py - 파일이 비어있어 빈 dict를 반환합니다.
2024-03-23 01:53:04,663 - INFO - doorNotification.py - 20193209의 학기 Json을 새로 만든는 중
2024-03-23 01:53:04,663 - INFO - doorNotification.py - 각 강의별 공지 파싱 시작
2024-03-23 01:53:05,632 - ERROR - doorNotification.py - 오류가 발생했습니다:list index out of range
2024-03-23 01:53:38,220 - INFO - doorNotification.py - 도어 크롤링 시작
2024-03-23 01:53:39,451 - INFO - doorNotification.py - door 접속
2024-03-23 01:53:39,834 - INFO - doorNotification.py - 로그인 시도
2024-03-23 01:53:42,400 - INFO - doorNotification.py - 로그인 완료
2024-03-23 01:53:42,400 - INFO - doorNotification.py - 강의실 목록으로 이동
2024-03-23 01:53:42,953 - INFO - doorNotification.py - 강의 목록 파싱
2024-03-23 01:53:42,966 - INFO - doorNotification.py - 수강중인 강의 개수: 7
2024-03-23 01:53:42,966 - INFO - doorNotification.py - 공지 json파일 요청
2024-03-23 01:53:42,966 - WARNING - doorNotification.py - 파일이 비어있어 빈 dict를 반환합니다.
2024-03-23 01:53:42,966 - INFO - doorNotification.py - 20193209의 학기 Json을 새로 만든는 중
2024-03-23 01:53:42,967 - INFO - doorNotification.py - 각 강의별 공지 파싱 시작
2024-03-23 01:53:44,031 - ERROR - doorNotification.py - 오류가 발생했습니다:list index out of range
2024-03-23 01:55:18,367 - INFO - doorNotification.py - 도어 크롤링 시작
2024-03-23 01:55:19,635 - INFO - doorNotification.py - door 접속
2024-03-23 01:55:20,014 - INFO - doorNotification.py - 로그인 시도
2024-03-23 01:55:23,290 - INFO - doorNotification.py - 로그인 완료
2024-03-23 01:55:23,290 - INFO - doorNotification.py - 강의실 목록으로 이동
2024-03-23 01:55:23,698 - INFO - doorNotification.py - 강의 목록 파싱
2024-03-23 01:55:23,711 - INFO - doorNotification.py - 수강중인 강의 개수: 7
2024-03-23 01:55:23,711 - INFO - doorNotification.py - 공지 json파일 요청
2024-03-23 01:55:23,711 - WARNING - doorNotification.py - 파일이 비어있어 빈 dict를 반환합니다.
2024-03-23 01:55:23,711 - INFO - doorNotification.py - 20193209의 학기 Json을 새로 만든는 중
2024-03-23 01:55:23,711 - INFO - doorNotification.py - 각 강의별 공지 파싱 시작
2024-03-23 01:55:24,682 - ERROR - doorNotification.py - 오류가 발생했습니다:list index out of range
2024-03-23 01:55:48,252 - INFO - doorNotification.py - 도어 크롤링 시작
2024-03-23 01:55:49,476 - INFO - doorNotification.py - door 접속
2024-03-23 01:55:49,899 - INFO - doorNotification.py - 로그인 시도
2024-03-23 01:55:53,058 - INFO - doorNotification.py - 로그인 완료
2024-03-23 01:55:53,058 - INFO - doorNotification.py - 강의실 목록으로 이동
2024-03-23 01:55:53,498 - INFO - doorNotification.py - 강의 목록 파싱
2024-03-23 01:55:53,510 - INFO - doorNotification.py - 수강중인 강의 개수: 7
2024-03-23 01:55:53,510 - INFO - doorNotification.py - 공지 json파일 요청
2024-03-23 01:55:53,510 - WARNING - doorNotification.py - 파일이 비어있어 빈 dict를 반환합니다.
2024-03-23 01:55:53,510 - INFO - doorNotification.py - 20193209의 학기 Json을 새로 만든는 중
2024-03-23 01:55:53,511 - INFO - doorNotification.py - 각 강의별 공지 파싱 시작
2024-03-23 01:55:57,002 - ERROR - doorNotification.py - 오류가 발생했습니다:invalid literal for int() with base 10: '1-1'
2024-03-23 01:56:44,042 - INFO - doorNotification.py - 도어 크롤링 시작
2024-03-23 01:56:45,273 - INFO - doorNotification.py - door 접속
2024-03-23 01:56:45,680 - INFO - doorNotification.py - 로그인 시도
2024-03-23 01:56:48,258 - INFO - doorNotification.py - 로그인 완료
2024-03-23 01:56:48,258 - INFO - doorNotification.py - 강의실 목록으로 이동
2024-03-23 01:56:48,750 - INFO - doorNotification.py - 강의 목록 파싱
2024-03-23 01:56:48,764 - INFO - doorNotification.py - 수강중인 강의 개수: 7
2024-03-23 01:56:48,764 - INFO - doorNotification.py - 공지 json파일 요청
2024-03-23 01:56:48,764 - WARNING - doorNotification.py - 파일이 비어있어 빈 dict를 반환합니다.
2024-03-23 01:56:48,764 - INFO - doorNotification.py - 20193209의 학기 Json을 새로 만든는 중
2024-03-23 01:56:48,764 - INFO - doorNotification.py - 각 강의별 공지 파싱 시작
2024-03-23 01:56:49,700 - ERROR - doorNotification.py - 오류가 발생했습니다:list index out of range
2024-03-23 02:00:05,155 - INFO - doorNotification.py - 도어 크롤링 시작
2024-03-23 02:00:06,435 - INFO - doorNotification.py - door 접속
2024-03-23 02:00:13,819 - INFO - doorNotification.py - 로그인 시도
2024-03-23 02:00:16,592 - INFO - doorNotification.py - 로그인 완료
2024-03-23 02:00:16,592 - INFO - doorNotification.py - 강의실 목록으로 이동
2024-03-23 02:00:17,074 - INFO - doorNotification.py - 강의 목록 파싱
2024-03-23 02:00:17,087 - INFO - doorNotification.py - 수강중인 강의 개수: 7
2024-03-23 02:00:17,087 - INFO - doorNotification.py - 공지 json파일 요청
2024-03-23 02:00:17,087 - WARNING - doorNotification.py - 파일이 비어있어 빈 dict를 반환합니다.
2024-03-23 02:00:17,088 - INFO - doorNotification.py - 20193209의 학기 Json을 새로 만든는 중
2024-03-23 02:00:17,088 - INFO - doorNotification.py - 각 강의별 공지 파싱 시작
2024-03-23 02:00:18,413 - ERROR - doorNotification.py - 오류가 발생했습니다:list index out of range
2024-03-23 02:01:05,996 - INFO - doorNotification.py - 도어 크롤링 시작
2024-03-23 02:01:07,231 - INFO - doorNotification.py - door 접속
2024-03-23 02:01:07,792 - INFO - doorNotification.py - 로그인 시도
2024-03-23 02:01:10,158 - INFO - doorNotification.py - 로그인 완료
2024-03-23 02:01:10,158 - INFO - doorNotification.py - 강의실 목록으로 이동
2024-03-23 02:01:10,658 - INFO - doorNotification.py - 강의 목록 파싱
2024-03-23 02:01:10,671 - INFO - doorNotification.py - 수강중인 강의 개수: 7
2024-03-23 02:01:10,671 - INFO - doorNotification.py - 공지 json파일 요청
2024-03-23 02:01:10,671 - WARNING - doorNotification.py - 파일이 비어있어 빈 dict를 반환합니다.
2024-03-23 02:01:10,671 - INFO - doorNotification.py - 20193209의 학기 Json을 새로 만든는 중
2024-03-23 02:01:10,671 - INFO - doorNotification.py - 각 강의별 공지 파싱 시작
2024-03-23 02:01:11,502 - ERROR - doorNotification.py - 오류가 발생했습니다:list index out of range
2024-03-23 02:01:50,038 - INFO - doorNotification.py - 도어 크롤링 시작
2024-03-23 02:01:51,250 - INFO - doorNotification.py - door 접속
2024-03-23 02:01:51,705 - INFO - doorNotification.py - 로그인 시도
2024-03-23 02:01:54,853 - INFO - doorNotification.py - 로그인 완료
2024-03-23 02:01:54,854 - INFO - doorNotification.py - 강의실 목록으로 이동
2024-03-23 02:01:55,359 - INFO - doorNotification.py - 강의 목록 파싱
2024-03-23 02:01:55,372 - INFO - doorNotification.py - 수강중인 강의 개수: 7
2024-03-23 02:01:55,372 - INFO - doorNotification.py - 공지 json파일 요청
2024-03-23 02:01:55,372 - WARNING - doorNotification.py - 파일이 비어있어 빈 dict를 반환합니다.
2024-03-23 02:01:55,372 - INFO - doorNotification.py - 20193209의 학기 Json을 새로 만든는 중
2024-03-23 02:01:55,372 - INFO - doorNotification.py - 각 강의별 공지 파싱 시작
2024-03-23 02:01:58,654 - ERROR - doorNotification.py - 오류가 발생했습니다:invalid literal for int() with base 10: '1-1'
2024-03-23 02:03:20,990 - INFO - doorNotification.py - 도어 크롤링 시작
2024-03-23 02:03:22,264 - INFO - doorNotification.py - door 접속
2024-03-23 02:03:22,736 - INFO - doorNotification.py - 로그인 시도
2024-03-23 02:03:25,568 - INFO - doorNotification.py - 로그인 완료
2024-03-23 02:03:25,568 - INFO - doorNotification.py - 강의실 목록으로 이동
2024-03-23 02:03:25,869 - INFO - doorNotification.py - 강의 목록 파싱
2024-03-23 02:03:25,882 - INFO - doorNotification.py - 수강중인 강의 개수: 7
2024-03-23 02:03:25,882 - INFO - doorNotification.py - 공지 json파일 요청
2024-03-23 02:03:25,882 - WARNING - doorNotification.py - 파일이 비어있어 빈 dict를 반환합니다.
2024-03-23 02:03:25,882 - INFO - doorNotification.py - 20193209의 학기 Json을 새로 만든는 중
2024-03-23 02:03:25,882 - INFO - doorNotification.py - 각 강의별 공지 파싱 시작
2024-03-23 02:03:36,480 - INFO - doorNotification.py - 공지 파싱 종료
2024-03-23 02:03:36,481 - INFO - doorNotification.py - 도어 크롤링 수행완료 대기전환
2024-03-23 02:03:55,558 - INFO - doorNotification.py - 도어 크롤링 시작
2024-03-23 02:03:56,771 - INFO - doorNotification.py - door 접속
2024-03-23 02:03:57,149 - INFO - doorNotification.py - 로그인 시도
2024-03-23 02:03:59,626 - INFO - doorNotification.py - 로그인 완료
2024-03-23 02:03:59,627 - INFO - doorNotification.py - 강의실 목록으로 이동
2024-03-23 02:03:59,985 - INFO - doorNotification.py - 강의 목록 파싱
2024-03-23 02:03:59,999 - INFO - doorNotification.py - 수강중인 강의 개수: 7
2024-03-23 02:03:59,999 - INFO - doorNotification.py - 공지 json파일 요청
2024-03-23 02:04:00,003 - INFO - doorNotification.py - 공지 json파일이 존재
2024-03-23 02:04:00,003 - INFO - doorNotification.py - 각 강의별 공지 파싱 시작
2024-03-23 02:04:10,581 - INFO - doorNotification.py - 공지 파싱 종료
2024-03-23 02:04:10,582 - INFO - doorNotification.py - 도어 크롤링 수행완료 대기전환
2024-03-23 02:04:45,444 - INFO - doorNotification.py - 도어 크롤링 시작
2024-03-23 02:04:46,649 - INFO - doorNotification.py - door 접속
2024-03-23 02:04:47,040 - INFO - doorNotification.py - 로그인 시도
2024-03-23 02:04:49,308 - INFO - doorNotification.py - 로그인 완료
2024-03-23 02:04:49,308 - INFO - doorNotification.py - 강의실 목록으로 이동
2024-03-23 02:04:49,839 - INFO - doorNotification.py - 강의 목록 파싱
2024-03-23 02:04:49,853 - INFO - doorNotification.py - 수강중인 강의 개수: 7
2024-03-23 02:04:49,853 - INFO - doorNotification.py - 공지 json파일 요청
2024-03-23 02:04:49,857 - INFO - doorNotification.py - 공지 json파일이 존재
2024-03-23 02:04:49,857 - INFO - doorNotification.py - 각 강의별 공지 파싱 시작
2024-03-23 02:05:00,053 - INFO - doorNotification.py - 공지 파싱 종료
2024-03-23 02:05:00,054 - INFO - doorNotification.py - 도어 크롤링 수행완료 대기전환
2024-03-23 02:10:57,432 - INFO - doorNotification.py - 도어 크롤링 시작
2024-03-23 02:10:58,792 - INFO - doorNotification.py - door 접속
2024-03-23 02:10:59,163 - INFO - doorNotification.py - 로그인 시도
2024-03-23 02:11:02,272 - INFO - doorNotification.py - 로그인 완료
2024-03-23 02:11:02,272 - INFO - doorNotification.py - 강의실 목록으로 이동
2024-03-23 02:11:02,616 - INFO - doorNotification.py - 강의 목록 파싱
2024-03-23 02:11:02,630 - INFO - doorNotification.py - 수강중인 강의 개수: 7
2024-03-23 02:11:02,630 - INFO - doorNotification.py - 공지 json파일 요청
2024-03-23 02:11:02,631 - WARNING - doorNotification.py - 파일이 비어있어 빈 dict를 반환합니다.
2024-03-23 02:11:02,631 - INFO - doorNotification.py - 20193209의 학기 Json을 새로 만든는 중
2024-03-23 02:11:02,631 - INFO - doorNotification.py - 각 강의별 공지 파싱 시작
2024-03-23 02:11:13,931 - INFO - doorNotification.py - 공지 파싱 종료
2024-03-23 02:11:13,932 - INFO - doorNotification.py - 도어 크롤링 수행완료 대기전환
2024-03-23 02:13:32,612 - INFO - doorNotification.py - 도어 크롤링 시작
2024-03-23 02:13:33,841 - INFO - doorNotification.py - door 접속
2024-03-23 02:13:34,252 - INFO - doorNotification.py - 로그인 시도
2024-03-23 02:13:36,372 - INFO - doorNotification.py - 로그인 완료
2024-03-23 02:13:36,372 - INFO - doorNotification.py - 강의실 목록으로 이동
2024-03-23 02:13:37,078 - INFO - doorNotification.py - 강의 목록 파싱
2024-03-23 02:13:37,090 - INFO - doorNotification.py - 수강중인 강의 개수: 7
2024-03-23 02:13:37,091 - INFO - doorNotification.py - 공지 json파일 요청
2024-03-23 02:13:37,096 - INFO - doorNotification.py - 공지 json파일이 존재
2024-03-23 02:13:37,096 - INFO - doorNotification.py - 각 강의별 공지 파싱 시작
2024-03-23 02:13:37,868 - ERROR - doorNotification.py - 오류가 발생했습니다:invalid literal for int() with base 10: '알림'
2024-03-23 02:14:01,793 - INFO - doorNotification.py - 도어 크롤링 시작
2024-03-23 02:14:03,015 - INFO - doorNotification.py - door 접속
2024-03-23 02:14:03,473 - INFO - doorNotification.py - 로그인 시도
2024-03-23 02:14:05,746 - INFO - doorNotification.py - 로그인 완료
2024-03-23 02:14:05,746 - INFO - doorNotification.py - 강의실 목록으로 이동
2024-03-23 02:14:06,241 - INFO - doorNotification.py - 강의 목록 파싱
2024-03-23 02:14:06,255 - INFO - doorNotification.py - 수강중인 강의 개수: 7
2024-03-23 02:14:06,255 - INFO - doorNotification.py - 공지 json파일 요청
2024-03-23 02:14:06,255 - INFO - doorNotification.py - 공지 json파일이 존재
2024-03-23 02:14:06,255 - INFO - doorNotification.py - 각 강의별 공지 파싱 시작
2024-03-23 02:14:06,975 - ERROR - doorNotification.py - 오류가 발생했습니다:invalid literal for int() with base 10: '알림'
2024-03-23 02:27:04,666 - INFO - doorNotification.py - 도어 크롤링 시작
2024-03-23 02:27:05,937 - INFO - doorNotification.py - door 접속
2024-03-23 02:27:09,173 - INFO - doorNotification.py - 로그인 시도
2024-03-23 02:27:11,701 - INFO - doorNotification.py - 로그인 완료
2024-03-23 02:27:11,701 - INFO - doorNotification.py - 강의실 목록으로 이동
2024-03-23 02:27:12,252 - INFO - doorNotification.py - 강의 목록 파싱
2024-03-23 02:27:12,266 - INFO - doorNotification.py - 수강중인 강의 개수: 7
2024-03-23 02:27:12,267 - INFO - doorNotification.py - 공지 json파일 요청
2024-03-23 02:27:12,267 - INFO - doorNotification.py - 공지 json파일이 존재
2024-03-23 02:27:12,267 - INFO - doorNotification.py - 각 강의별 공지 파싱 시작
2024-03-23 02:27:23,472 - INFO - doorNotification.py - 공지 파싱 종료
2024-03-23 02:27:23,474 - INFO - doorNotification.py - 도어 크롤링 수행완료 대기전환
2024-03-23 02:27:42,295 - INFO - doorNotification.py - 도어 크롤링 시작
2024-03-23 02:27:43,507 - INFO - doorNotification.py - door 접속
2024-03-23 02:27:43,924 - INFO - doorNotification.py - 로그인 시도
2024-03-23 02:27:47,052 - INFO - doorNotification.py - 로그인 완료
2024-03-23 02:27:47,052 - INFO - doorNotification.py - 강의실 목록으로 이동
2024-03-23 02:27:47,543 - INFO - doorNotification.py - 강의 목록 파싱
2024-03-23 02:27:47,556 - INFO - doorNotification.py - 수강중인 강의 개수: 7
2024-03-23 02:27:47,556 - INFO - doorNotification.py - 공지 json파일 요청
2024-03-23 02:27:47,557 - INFO - doorNotification.py - 공지 json파일이 존재
2024-03-23 02:27:47,557 - INFO - doorNotification.py - 각 강의별 공지 파싱 시작
2024-03-23 02:27:57,167 - INFO - doorNotification.py - 공지 파싱 종료
2024-03-23 02:27:57,168 - INFO - doorNotification.py - 도어 크롤링 수행완료 대기전환
