2024-04-06 04:26:05,582 - INFO - investingCalendar.py - InvestingCalendar 파싱시작
2024-04-06 04:26:05,582 - INFO - investingCalendar.py - 윈도우 환경입니다.
2024-04-06 04:26:50,649 - INFO - investingCalendar.py - InvestingCalendar 파싱시작
2024-04-06 04:26:50,649 - INFO - investingCalendar.py - 윈도우 환경입니다.
2024-04-06 04:27:19,363 - INFO - investingCalendar.py - S&P 500 Map 생성완료
2024-04-06 04:27:53,995 - INFO - investingCalendar.py - InvestingCalendar 파싱시작
2024-04-06 04:27:53,995 - INFO - investingCalendar.py - 윈도우 환경입니다.
2024-04-06 04:28:29,758 - INFO - investingCalendar.py - S&P 500 Map 생성완료
2024-04-06 04:29:05,327 - INFO - investingCalendar.py - InvestingCalendar 파싱시작
2024-04-06 04:29:05,327 - INFO - investingCalendar.py - 윈도우 환경입니다.
2024-04-06 04:29:37,204 - INFO - investingCalendar.py - 클릭
2024-04-06 04:29:47,206 - INFO - investingCalendar.py - S&P 500 Map 생성완료
2024-04-06 04:29:52,651 - INFO - investingCalendar.py - InvestingCalendar 파싱시작
2024-04-06 04:29:52,651 - INFO - investingCalendar.py - 윈도우 환경입니다.
2024-04-06 04:30:20,468 - ERROR - investingCalendar.py - 버튼 로딩에 실패하였습니다.
2024-04-06 04:30:30,471 - INFO - investingCalendar.py - S&P 500 Map 생성완료
2024-04-06 04:31:06,977 - INFO - investingCalendar.py - InvestingCalendar 파싱시작
2024-04-06 04:31:06,978 - INFO - investingCalendar.py - 윈도우 환경입니다.
2024-04-06 04:31:52,941 - INFO - investingCalendar.py - InvestingCalendar 파싱시작
2024-04-06 04:31:52,942 - INFO - investingCalendar.py - 윈도우 환경입니다.
2024-04-06 04:32:49,361 - INFO - investingCalendar.py - InvestingCalendar 파싱시작
2024-04-06 04:32:49,361 - INFO - investingCalendar.py - 윈도우 환경입니다.
2024-04-06 04:33:23,489 - INFO - investingCalendar.py - 클릭
2024-04-06 04:33:33,490 - INFO - investingCalendar.py - S&P 500 Map 생성완료
2024-04-06 04:33:50,284 - INFO - investingCalendar.py - InvestingCalendar 파싱시작
2024-04-06 04:33:50,287 - INFO - investingCalendar.py - 윈도우 환경입니다.
2024-04-06 04:34:19,195 - INFO - investingCalendar.py - 클릭
2024-04-06 04:34:29,203 - INFO - investingCalendar.py - S&P 500 Map 생성완료
2024-04-06 04:36:12,289 - INFO - investingCalendar.py - InvestingCalendar 파싱시작
2024-04-06 04:36:12,290 - INFO - investingCalendar.py - 윈도우 환경입니다.
2024-04-06 04:36:41,203 - ERROR - investingCalendar.py - 필터 버튼 선택에 실패하였습니다.
2024-04-06 04:36:41,236 - ERROR - investingCalendar.py - 모두 지우기 버튼 선택에 실패하였습니다.
2024-04-06 04:36:51,237 - INFO - investingCalendar.py - S&P 500 Map 생성완료
2024-04-06 04:37:12,320 - INFO - investingCalendar.py - InvestingCalendar 파싱시작
2024-04-06 04:37:12,322 - INFO - investingCalendar.py - 윈도우 환경입니다.
2024-04-06 04:37:45,526 - INFO - investingCalendar.py - InvestingCalendar 파싱시작
2024-04-06 04:37:45,528 - INFO - investingCalendar.py - 윈도우 환경입니다.
2024-04-06 04:38:22,604 - ERROR - investingCalendar.py - 필터 버튼 선택에 실패하였습니다.
2024-04-06 04:38:22,628 - ERROR - investingCalendar.py - 모두 지우기 버튼 선택에 실패하였습니다.
2024-04-06 04:40:02,618 - INFO - investingCalendar.py - InvestingCalendar 파싱시작
2024-04-06 04:40:02,619 - INFO - investingCalendar.py - 윈도우 환경입니다.
2024-04-06 04:40:28,736 - ERROR - investingCalendar.py - 필터 버튼 선택에 실패하였습니다.
2024-04-06 04:40:28,758 - ERROR - investingCalendar.py - 모두 지우기 버튼 선택에 실패하였습니다.
2024-04-06 04:40:38,759 - INFO - investingCalendar.py - S&P 500 Map 생성완료
2024-04-06 04:42:52,069 - INFO - investingCalendar.py - InvestingCalendar 파싱시작
2024-04-06 04:42:52,069 - INFO - investingCalendar.py - 윈도우 환경입니다.
2024-04-06 04:43:21,727 - ERROR - investingCalendar.py - 필터 버튼 선택에 실패하였습니다.
2024-04-06 04:43:21,728 - ERROR - investingCalendar.py - 필터 버튼 선택에 실패하였습니다.
2024-04-06 04:43:21,747 - ERROR - investingCalendar.py - 모두 지우기 버튼 선택에 실패하였습니다.
2024-04-06 04:43:31,748 - INFO - investingCalendar.py - S&P 500 Map 생성완료
2024-04-06 04:46:01,784 - INFO - investingCalendar.py - InvestingCalendar 파싱시작
2024-04-06 04:46:01,784 - INFO - investingCalendar.py - 윈도우 환경입니다.
2024-04-06 04:46:31,737 - ERROR - investingCalendar.py - 필터 버튼 선택에 실패하였습니다.
2024-04-06 04:46:31,737 - ERROR - investingCalendar.py - 필터 버튼 선택에 실패하였습니다.
2024-04-06 04:46:31,756 - ERROR - investingCalendar.py - 모두 지우기 버튼 선택에 실패하였습니다.
2024-04-06 04:46:41,757 - INFO - investingCalendar.py - S&P 500 Map 생성완료
2024-04-06 04:46:44,143 - INFO - investingCalendar.py - InvestingCalendar 파싱시작
2024-04-06 04:46:44,143 - INFO - investingCalendar.py - 윈도우 환경입니다.
2024-04-06 04:47:10,403 - ERROR - investingCalendar.py - 필터 버튼 선택에 실패하였습니다.
2024-04-06 04:47:10,465 - INFO - investingCalendar.py - 클릭
2024-04-06 04:47:10,496 - ERROR - investingCalendar.py - 모두 지우기 버튼 선택에 실패하였습니다.
2024-04-06 04:47:20,497 - INFO - investingCalendar.py - S&P 500 Map 생성완료
2024-04-06 04:47:47,239 - INFO - investingCalendar.py - InvestingCalendar 파싱시작
2024-04-06 04:47:47,239 - INFO - investingCalendar.py - 윈도우 환경입니다.
2024-04-06 04:48:12,945 - INFO - investingCalendar.py - 클릭
2024-04-06 04:48:13,010 - INFO - investingCalendar.py - 클릭
2024-04-06 04:48:13,041 - ERROR - investingCalendar.py - 모두 지우기 버튼 선택에 실패하였습니다.
2024-04-06 04:48:23,042 - INFO - investingCalendar.py - S&P 500 Map 생성완료
2024-04-06 04:49:33,343 - INFO - investingCalendar.py - InvestingCalendar 파싱시작
2024-04-06 04:49:33,343 - INFO - investingCalendar.py - 윈도우 환경입니다.
2024-04-06 04:49:59,208 - ERROR - investingCalendar.py - 필터 버튼 선택에 실패하였습니다.
2024-04-06 04:49:59,275 - INFO - investingCalendar.py - 클릭
2024-04-06 04:49:59,303 - ERROR - investingCalendar.py - 모두 지우기 버튼 선택에 실패하였습니다.
2024-04-06 04:50:09,304 - INFO - investingCalendar.py - S&P 500 Map 생성완료
2024-04-06 04:53:16,233 - INFO - investingCalendar.py - InvestingCalendar 파싱시작
2024-04-06 04:53:16,233 - INFO - investingCalendar.py - 윈도우 환경입니다.
2024-04-06 04:53:42,110 - INFO - investingCalendar.py - 클릭
2024-04-06 04:53:42,163 - ERROR - investingCalendar.py - 모두 지우기 버튼 선택에 실패하였습니다.
2024-04-06 04:53:52,164 - INFO - investingCalendar.py - S&P 500 Map 생성완료
2024-04-06 04:54:25,036 - INFO - investingCalendar.py - InvestingCalendar 파싱시작
2024-04-06 04:54:25,036 - INFO - investingCalendar.py - 윈도우 환경입니다.
2024-04-06 04:54:53,750 - INFO - investingCalendar.py - 클릭
2024-04-06 04:54:53,947 - INFO - investingCalendar.py - 클릭2
2024-04-06 04:55:03,948 - INFO - investingCalendar.py - S&P 500 Map 생성완료
2024-04-06 04:56:31,325 - INFO - investingCalendar.py - InvestingCalendar 파싱시작
2024-04-06 04:56:31,325 - INFO - investingCalendar.py - 윈도우 환경입니다.
2024-04-06 04:56:57,696 - INFO - investingCalendar.py - 클릭
2024-04-06 04:56:57,907 - INFO - investingCalendar.py - 클릭2
2024-04-06 04:57:07,908 - INFO - investingCalendar.py - S&P 500 Map 생성완료
2024-04-06 04:59:09,238 - INFO - investingCalendar.py - InvestingCalendar 파싱시작
2024-04-06 04:59:09,238 - INFO - investingCalendar.py - 윈도우 환경입니다.
2024-04-06 04:59:38,716 - INFO - investingCalendar.py - 클릭
2024-04-06 04:59:38,994 - INFO - investingCalendar.py - 클릭2
2024-04-06 04:59:49,634 - INFO - investingCalendar.py - InvestingCalendar 파싱시작
2024-04-06 04:59:49,634 - INFO - investingCalendar.py - 윈도우 환경입니다.
2024-04-06 05:00:15,651 - INFO - investingCalendar.py - 클릭
2024-04-06 05:00:15,887 - INFO - investingCalendar.py - 클릭2
2024-04-06 05:00:25,888 - INFO - investingCalendar.py - S&P 500 Map 생성완료
2024-04-06 05:01:05,420 - INFO - investingCalendar.py - InvestingCalendar 파싱시작
2024-04-06 05:01:05,420 - INFO - investingCalendar.py - 윈도우 환경입니다.
2024-04-06 05:01:31,973 - INFO - investingCalendar.py - 클릭
2024-04-06 05:01:32,238 - INFO - investingCalendar.py - 클릭2
2024-04-06 05:01:32,393 - INFO - investingCalendar.py - 클릭3
2024-04-06 05:01:42,393 - INFO - investingCalendar.py - S&P 500 Map 생성완료
2024-04-06 05:02:15,376 - INFO - investingCalendar.py - InvestingCalendar 파싱시작
2024-04-06 05:02:15,376 - INFO - investingCalendar.py - 윈도우 환경입니다.
2024-04-06 05:02:42,816 - ERROR - investingCalendar.py - 필터 버튼 선택에 실패하였습니다.
2024-04-06 05:02:42,836 - ERROR - investingCalendar.py - 모두 지우기 버튼 선택에 실패하였습니다.
2024-04-06 05:02:42,864 - ERROR - investingCalendar.py - 미국 버튼 선택에 실패하였습니다.
2024-04-06 05:03:38,917 - INFO - investingCalendar.py - InvestingCalendar 파싱시작
2024-04-06 05:03:38,917 - INFO - investingCalendar.py - 윈도우 환경입니다.
2024-04-06 05:04:04,876 - INFO - investingCalendar.py - 클릭
2024-04-06 05:04:05,093 - INFO - investingCalendar.py - 클릭2
2024-04-06 05:04:05,279 - INFO - investingCalendar.py - 클릭3
2024-04-06 05:04:05,342 - ERROR - investingCalendar.py - 적용하기 버튼 선택에 실패하였습니다.
2024-04-06 05:04:15,343 - INFO - investingCalendar.py - S&P 500 Map 생성완료
2024-04-06 05:04:46,095 - INFO - investingCalendar.py - InvestingCalendar 파싱시작
2024-04-06 05:04:46,096 - INFO - investingCalendar.py - 윈도우 환경입니다.
2024-04-06 05:05:11,881 - INFO - investingCalendar.py - 클릭
2024-04-06 05:05:12,163 - INFO - investingCalendar.py - 클릭2
2024-04-06 05:05:12,341 - INFO - investingCalendar.py - 클릭3
2024-04-06 05:05:12,586 - INFO - investingCalendar.py - 클릭4
2024-04-06 05:05:22,587 - INFO - investingCalendar.py - S&P 500 Map 생성완료
2024-04-06 05:08:29,931 - INFO - investingCalendar.py - InvestingCalendar 파싱시작
2024-04-06 05:08:29,932 - INFO - investingCalendar.py - 윈도우 환경입니다.
2024-04-06 05:08:56,254 - INFO - investingCalendar.py - 클릭
2024-04-06 05:08:56,489 - INFO - investingCalendar.py - 클릭2
2024-04-06 05:08:56,657 - INFO - investingCalendar.py - 클릭3
2024-04-06 05:08:56,739 - ERROR - investingCalendar.py - 적용하기 버튼 선택에 실패하였습니다.
2024-04-06 05:08:56,785 - INFO - investingCalendar.py - S&P 500 Map 생성완료
2024-04-06 05:09:02,947 - INFO - investingCalendar.py - InvestingCalendar 파싱시작
2024-04-06 05:09:02,947 - INFO - investingCalendar.py - 윈도우 환경입니다.
2024-04-06 05:09:29,474 - INFO - investingCalendar.py - 클릭
2024-04-06 05:09:29,695 - INFO - investingCalendar.py - 클릭2
2024-04-06 05:09:29,951 - INFO - investingCalendar.py - 클릭3
2024-04-06 05:09:30,175 - INFO - investingCalendar.py - 클릭4
2024-04-06 05:09:30,223 - INFO - investingCalendar.py - S&P 500 Map 생성완료
2024-04-06 05:14:52,217 - INFO - investingCalendar.py - InvestingCalendar 파싱시작
2024-04-06 05:15:09,072 - INFO - investingCalendar.py - InvestingCalendar 파싱시작
2024-04-06 05:15:34,079 - INFO - investingCalendar.py - InvestingCalendar 파싱시작
2024-04-06 05:18:06,158 - INFO - investingCalendar.py - InvestingCalendar 파싱시작
2024-04-06 05:25:01,700 - INFO - investingCalendar.py - InvestingCalendar 파싱시작
2024-04-06 05:25:46,748 - INFO - investingCalendar.py - InvestingCalendar 파싱시작
2024-04-06 05:26:41,974 - INFO - investingCalendar.py - InvestingCalendar 파싱시작
2024-04-06 05:26:57,671 - INFO - investingCalendar.py - InvestingCalendar 파싱시작
2024-04-06 05:28:03,888 - INFO - investingCalendar.py - InvestingCalendar 파싱시작
2024-04-06 05:28:40,452 - INFO - investingCalendar.py - InvestingCalendar 파싱시작
2024-04-06 05:30:08,535 - INFO - investingCalendar.py - InvestingCalendar 파싱시작
2024-04-06 05:33:23,369 - INFO - investingCalendar.py - InvestingCalendar 파싱시작
2024-04-06 05:33:56,615 - INFO - investingCalendar.py - InvestingCalendar 파싱시작
2024-04-06 05:34:46,990 - INFO - investingCalendar.py - InvestingCalendar 파싱시작
2024-04-06 05:35:53,362 - INFO - investingCalendar.py - InvestingCalendar 파싱시작
2024-04-06 05:36:11,484 - INFO - investingCalendar.py - InvestingCalendar 파싱시작
2024-04-06 05:36:23,385 - INFO - investingCalendar.py - InvestingCalendar 파싱시작
2024-04-06 05:36:41,979 - INFO - investingCalendar.py - InvestingCalendar 파싱시작
2024-04-06 05:39:46,148 - INFO - investingCalendar.py - InvestingCalendar 파싱시작
2024-04-06 05:39:55,632 - INFO - investingCalendar.py - InvestingCalendar 파싱시작
2024-04-06 05:40:22,065 - INFO - investingCalendar.py - InvestingCalendar 파싱시작
2024-04-06 05:41:04,674 - INFO - investingCalendar.py - InvestingCalendar 파싱시작
2024-04-06 05:45:17,874 - INFO - investingCalendar.py - InvestingCalendar 파싱시작
2024-04-06 05:45:49,225 - INFO - investingCalendar.py - InvestingCalendar 파싱시작
2024-04-06 05:46:37,041 - INFO - investingCalendar.py - InvestingCalendar 파싱시작
2024-04-06 05:46:47,569 - INFO - investingCalendar.py - InvestingCalendar 파싱시작
2024-04-06 05:46:51,575 - INFO - investingCalendar.py - InvestingCalendar 파싱시작
2024-04-06 05:47:02,543 - INFO - investingCalendar.py - InvestingCalendar 파싱시작
2024-04-06 05:47:16,340 - INFO - investingCalendar.py - InvestingCalendar 파싱시작
2024-04-06 05:49:41,254 - INFO - investingCalendar.py - InvestingCalendar 파싱시작
2024-04-06 05:50:14,471 - INFO - investingCalendar.py - InvestingCalendar 파싱시작
2024-04-06 05:51:14,715 - INFO - investingCalendar.py - InvestingCalendar 파싱시작
2024-04-06 05:51:34,530 - INFO - investingCalendar.py - InvestingCalendar 파싱시작
2024-04-06 05:51:38,561 - INFO - investingCalendar.py - InvestingCalendar 파싱시작
2024-04-06 05:51:43,327 - INFO - investingCalendar.py - InvestingCalendar 파싱시작
2024-04-06 05:51:46,938 - INFO - investingCalendar.py - InvestingCalendar 파싱시작
2024-04-06 05:51:51,630 - INFO - investingCalendar.py - InvestingCalendar 파싱시작
2024-04-06 05:52:18,361 - INFO - investingCalendar.py - InvestingCalendar 파싱시작
2024-04-06 05:53:16,702 - INFO - investingCalendar.py - InvestingCalendar 파싱시작
2024-04-06 05:53:28,445 - INFO - investingCalendar.py - InvestingCalendar 파싱시작
2024-04-06 05:53:44,559 - INFO - investingCalendar.py - InvestingCalendar 파싱시작
2024-04-06 05:54:00,862 - INFO - investingCalendar.py - InvestingCalendar 파싱시작
2024-04-06 05:54:10,118 - INFO - investingCalendar.py - InvestingCalendar 파싱시작
2024-04-06 05:54:16,363 - INFO - investingCalendar.py - InvestingCalendar 파싱시작
2024-04-06 05:55:56,547 - INFO - investingCalendar.py - InvestingCalendar 파싱시작
2024-04-06 05:56:16,140 - INFO - investingCalendar.py - InvestingCalendar 파싱시작
2024-04-06 05:57:58,257 - INFO - investingCalendar.py - InvestingCalendar 파싱시작
2024-04-06 05:58:10,677 - INFO - investingCalendar.py - InvestingCalendar 파싱시작
2024-04-06 06:25:23,523 - INFO - investingCalendar.py - InvestingCalendar 파싱시작
2024-04-06 06:26:22,729 - INFO - investingCalendar.py - InvestingCalendar 파싱시작
2024-05-09 07:19:51,141 - INFO - investingCalendar.py - 이벤트 크롤링 완료
2024-05-09 07:24:48,245 - INFO - investingCalendar.py - 이벤트 크롤링 완료
